{"/Users/nicolaspayrouse/Desktop/website/libs/wui/src/components/WuiAlert/WuiAlert.props.ts": {"path":"/Users/nicolaspayrouse/Desktop/website/libs/wui/src/components/WuiAlert/WuiAlert.props.ts","statementMap":{"0":{"start":{"line":3,"column":0},"end":{"line":3,"column":null}},"1":{"start":{"line":4,"column":2},"end":{"line":4,"column":null}},"2":{"start":{"line":5,"column":2},"end":{"line":5,"column":null}},"3":{"start":{"line":6,"column":2},"end":{"line":6,"column":null}},"4":{"start":{"line":7,"column":2},"end":{"line":7,"column":null}}},"fnMap":{"0":{"name":"(anonymous_0)","decl":{"start":{"line":3,"column":0},"end":{"line":3,"column":12}},"loc":{"start":{"line":3,"column":25},"end":{"line":8,"column":1}}}},"branchMap":{"0":{"loc":{"start":{"line":3,"column":12},"end":{"line":3,"column":null}},"type":"binary-expr","locations":[{"start":{"line":3,"column":12},"end":{"line":3,"column":25}},{"start":{"line":3,"column":25},"end":{"line":3,"column":null}}]}},"s":{"0":1,"1":1,"2":1,"3":1,"4":1},"f":{"0":1},"b":{"0":[1,1]}}
,"/Users/nicolaspayrouse/Desktop/website/libs/wui/src/components/WuiAlert/WuiAlert.tsx": {"path":"/Users/nicolaspayrouse/Desktop/website/libs/wui/src/components/WuiAlert/WuiAlert.tsx","statementMap":{"0":{"start":{"line":1,"column":0},"end":{"line":1,"column":35}},"1":{"start":{"line":3,"column":0},"end":{"line":3,"column":40}},"2":{"start":{"line":4,"column":0},"end":{"line":4,"column":null}},"3":{"start":{"line":9,"column":53},"end":{"line":14,"column":2}},"4":{"start":{"line":16,"column":13},"end":{"line":46,"column":2}},"5":{"start":{"line":27,"column":26},"end":{"line":27,"column":37}},"6":{"start":{"line":28,"column":22},"end":{"line":28,"column":50}},"7":{"start":{"line":30,"column":23},"end":{"line":33,"column":null}},"8":{"start":{"line":36,"column":4},"end":{"line":44,"column":6}},"9":{"start":{"line":48,"column":0},"end":{"line":48,"column":34}}},"fnMap":{"0":{"name":"(anonymous_0)","decl":{"start":{"line":17,"column":2},"end":{"line":17,"column":null}},"loc":{"start":{"line":26,"column":6},"end":{"line":45,"column":3}}}},"branchMap":{"0":{"loc":{"start":{"line":19,"column":6},"end":{"line":19,"column":32}},"type":"default-arg","locations":[{"start":{"line":19,"column":14},"end":{"line":19,"column":32}}]},"1":{"loc":{"start":{"line":22,"column":6},"end":{"line":22,"column":20}},"type":"default-arg","locations":[{"start":{"line":22,"column":18},"end":{"line":22,"column":20}}]},"2":{"loc":{"start":{"line":28,"column":22},"end":{"line":28,"column":50}},"type":"binary-expr","locations":[{"start":{"line":28,"column":22},"end":{"line":28,"column":26}},{"start":{"line":28,"column":30},"end":{"line":28,"column":50}}]}},"s":{"0":1,"1":1,"2":1,"3":1,"4":1,"5":3,"6":3,"7":3,"8":3,"9":1},"f":{"0":3},"b":{"0":[2],"1":[2],"2":[3,2]}}
,"/Users/nicolaspayrouse/Desktop/website/libs/wui/src/components/WuiBadge/WuiBadge.props.tsx": {"path":"/Users/nicolaspayrouse/Desktop/website/libs/wui/src/components/WuiBadge/WuiBadge.props.tsx","statementMap":{"0":{"start":{"line":3,"column":0},"end":{"line":3,"column":null}},"1":{"start":{"line":4,"column":2},"end":{"line":4,"column":null}},"2":{"start":{"line":5,"column":2},"end":{"line":5,"column":null}},"3":{"start":{"line":6,"column":2},"end":{"line":6,"column":null}},"4":{"start":{"line":7,"column":2},"end":{"line":7,"column":null}},"5":{"start":{"line":8,"column":2},"end":{"line":8,"column":null}},"6":{"start":{"line":9,"column":2},"end":{"line":9,"column":null}},"7":{"start":{"line":10,"column":2},"end":{"line":10,"column":null}},"8":{"start":{"line":13,"column":0},"end":{"line":13,"column":null}},"9":{"start":{"line":14,"column":2},"end":{"line":14,"column":null}},"10":{"start":{"line":15,"column":2},"end":{"line":15,"column":null}},"11":{"start":{"line":16,"column":2},"end":{"line":16,"column":null}}},"fnMap":{"0":{"name":"(anonymous_0)","decl":{"start":{"line":3,"column":0},"end":{"line":3,"column":12}},"loc":{"start":{"line":3,"column":25},"end":{"line":11,"column":1}}},"1":{"name":"(anonymous_1)","decl":{"start":{"line":13,"column":0},"end":{"line":13,"column":12}},"loc":{"start":{"line":13,"column":24},"end":{"line":17,"column":1}}}},"branchMap":{"0":{"loc":{"start":{"line":3,"column":12},"end":{"line":3,"column":null}},"type":"binary-expr","locations":[{"start":{"line":3,"column":12},"end":{"line":3,"column":25}},{"start":{"line":3,"column":25},"end":{"line":3,"column":null}}]},"1":{"loc":{"start":{"line":13,"column":12},"end":{"line":13,"column":null}},"type":"binary-expr","locations":[{"start":{"line":13,"column":12},"end":{"line":13,"column":24}},{"start":{"line":13,"column":24},"end":{"line":13,"column":null}}]}},"s":{"0":1,"1":1,"2":1,"3":1,"4":1,"5":1,"6":1,"7":1,"8":1,"9":1,"10":1,"11":1},"f":{"0":1,"1":1},"b":{"0":[1,1],"1":[1,1]}}
,"/Users/nicolaspayrouse/Desktop/website/libs/wui/src/components/WuiBadge/WuiBadge.tsx": {"path":"/Users/nicolaspayrouse/Desktop/website/libs/wui/src/components/WuiBadge/WuiBadge.tsx","statementMap":{"0":{"start":{"line":1,"column":0},"end":{"line":1,"column":35}},"1":{"start":{"line":3,"column":0},"end":{"line":3,"column":40}},"2":{"start":{"line":4,"column":0},"end":{"line":4,"column":null}},"3":{"start":{"line":10,"column":13},"end":{"line":32,"column":2}},"4":{"start":{"line":21,"column":23},"end":{"line":25,"column":null}},"5":{"start":{"line":28,"column":4},"end":{"line":30,"column":6}},"6":{"start":{"line":34,"column":0},"end":{"line":34,"column":34}}},"fnMap":{"0":{"name":"(anonymous_0)","decl":{"start":{"line":11,"column":2},"end":{"line":11,"column":null}},"loc":{"start":{"line":20,"column":6},"end":{"line":31,"column":3}}}},"branchMap":{"0":{"loc":{"start":{"line":13,"column":6},"end":{"line":13,"column":32}},"type":"default-arg","locations":[{"start":{"line":13,"column":14},"end":{"line":13,"column":32}}]},"1":{"loc":{"start":{"line":14,"column":6},"end":{"line":14,"column":27}},"type":"default-arg","locations":[{"start":{"line":14,"column":13},"end":{"line":14,"column":27}}]},"2":{"loc":{"start":{"line":16,"column":6},"end":{"line":16,"column":20}},"type":"default-arg","locations":[{"start":{"line":16,"column":18},"end":{"line":16,"column":20}}]}},"s":{"0":1,"1":1,"2":1,"3":1,"4":3,"5":3,"6":1},"f":{"0":3},"b":{"0":[2],"1":[2],"2":[2]}}
,"/Users/nicolaspayrouse/Desktop/website/libs/wui/src/components/WuiButton/WuiButton.props.tsx": {"path":"/Users/nicolaspayrouse/Desktop/website/libs/wui/src/components/WuiButton/WuiButton.props.tsx","statementMap":{"0":{"start":{"line":3,"column":0},"end":{"line":3,"column":null}},"1":{"start":{"line":4,"column":2},"end":{"line":4,"column":null}},"2":{"start":{"line":5,"column":2},"end":{"line":5,"column":null}},"3":{"start":{"line":6,"column":2},"end":{"line":6,"column":null}},"4":{"start":{"line":7,"column":2},"end":{"line":7,"column":null}},"5":{"start":{"line":8,"column":2},"end":{"line":8,"column":null}},"6":{"start":{"line":9,"column":2},"end":{"line":9,"column":null}},"7":{"start":{"line":10,"column":2},"end":{"line":10,"column":null}},"8":{"start":{"line":13,"column":0},"end":{"line":13,"column":null}},"9":{"start":{"line":14,"column":2},"end":{"line":14,"column":null}},"10":{"start":{"line":15,"column":2},"end":{"line":15,"column":null}},"11":{"start":{"line":16,"column":2},"end":{"line":16,"column":null}}},"fnMap":{"0":{"name":"(anonymous_0)","decl":{"start":{"line":3,"column":0},"end":{"line":3,"column":12}},"loc":{"start":{"line":3,"column":26},"end":{"line":11,"column":1}}},"1":{"name":"(anonymous_1)","decl":{"start":{"line":13,"column":0},"end":{"line":13,"column":12}},"loc":{"start":{"line":13,"column":25},"end":{"line":17,"column":1}}}},"branchMap":{"0":{"loc":{"start":{"line":3,"column":12},"end":{"line":3,"column":null}},"type":"binary-expr","locations":[{"start":{"line":3,"column":12},"end":{"line":3,"column":26}},{"start":{"line":3,"column":26},"end":{"line":3,"column":null}}]},"1":{"loc":{"start":{"line":13,"column":12},"end":{"line":13,"column":null}},"type":"binary-expr","locations":[{"start":{"line":13,"column":12},"end":{"line":13,"column":25}},{"start":{"line":13,"column":25},"end":{"line":13,"column":null}}]}},"s":{"0":2,"1":2,"2":2,"3":2,"4":2,"5":2,"6":2,"7":2,"8":2,"9":2,"10":2,"11":2},"f":{"0":2,"1":2},"b":{"0":[2,2],"1":[2,2]}}
,"/Users/nicolaspayrouse/Desktop/website/libs/wui/src/components/WuiButton/WuiButton.tsx": {"path":"/Users/nicolaspayrouse/Desktop/website/libs/wui/src/components/WuiButton/WuiButton.tsx","statementMap":{"0":{"start":{"line":1,"column":0},"end":{"line":1,"column":35}},"1":{"start":{"line":3,"column":0},"end":{"line":3,"column":40}},"2":{"start":{"line":4,"column":0},"end":{"line":4,"column":null}},"3":{"start":{"line":10,"column":13},"end":{"line":42,"column":2}},"4":{"start":{"line":24,"column":23},"end":{"line":29,"column":null}},"5":{"start":{"line":32,"column":4},"end":{"line":40,"column":6}},"6":{"start":{"line":44,"column":0},"end":{"line":44,"column":36}}},"fnMap":{"0":{"name":"(anonymous_0)","decl":{"start":{"line":11,"column":2},"end":{"line":11,"column":null}},"loc":{"start":{"line":23,"column":6},"end":{"line":41,"column":3}}}},"branchMap":{"0":{"loc":{"start":{"line":13,"column":6},"end":{"line":13,"column":34}},"type":"default-arg","locations":[{"start":{"line":13,"column":14},"end":{"line":13,"column":34}}]},"1":{"loc":{"start":{"line":14,"column":6},"end":{"line":14,"column":28}},"type":"default-arg","locations":[{"start":{"line":14,"column":13},"end":{"line":14,"column":28}}]},"2":{"loc":{"start":{"line":15,"column":6},"end":{"line":15,"column":19}},"type":"default-arg","locations":[{"start":{"line":15,"column":14},"end":{"line":15,"column":19}}]},"3":{"loc":{"start":{"line":19,"column":6},"end":{"line":19,"column":20}},"type":"default-arg","locations":[{"start":{"line":19,"column":18},"end":{"line":19,"column":20}}]},"4":{"loc":{"start":{"line":28,"column":6},"end":{"line":28,"column":38}},"type":"cond-expr","locations":[{"start":{"line":28,"column":14},"end":{"line":28,"column":33}},{"start":{"line":28,"column":36},"end":{"line":28,"column":38}}]},"5":{"loc":{"start":{"line":34,"column":9},"end":{"line":34,"column":49}},"type":"binary-expr","locations":[{"start":{"line":34,"column":9},"end":{"line":34,"column":17}},{"start":{"line":34,"column":21},"end":{"line":34,"column":49}}]},"6":{"loc":{"start":{"line":38,"column":9},"end":{"line":38,"column":51}},"type":"binary-expr","locations":[{"start":{"line":38,"column":9},"end":{"line":38,"column":18}},{"start":{"line":38,"column":22},"end":{"line":38,"column":51}}]}},"s":{"0":2,"1":2,"2":2,"3":2,"4":32,"5":32,"6":2},"f":{"0":32},"b":{"0":[12],"1":[12],"2":[31],"3":[31],"4":[1,31],"5":[32,21],"6":[32,2]}}
,"/Users/nicolaspayrouse/Desktop/website/libs/wui/src/components/WuiLink/WuiLink.props.tsx": {"path":"/Users/nicolaspayrouse/Desktop/website/libs/wui/src/components/WuiLink/WuiLink.props.tsx","statementMap":{"0":{"start":{"line":3,"column":0},"end":{"line":3,"column":null}},"1":{"start":{"line":4,"column":2},"end":{"line":4,"column":null}},"2":{"start":{"line":5,"column":2},"end":{"line":5,"column":null}},"3":{"start":{"line":6,"column":2},"end":{"line":6,"column":null}},"4":{"start":{"line":7,"column":2},"end":{"line":7,"column":null}},"5":{"start":{"line":8,"column":2},"end":{"line":8,"column":null}},"6":{"start":{"line":9,"column":2},"end":{"line":9,"column":null}},"7":{"start":{"line":10,"column":2},"end":{"line":10,"column":null}},"8":{"start":{"line":11,"column":2},"end":{"line":11,"column":null}},"9":{"start":{"line":14,"column":0},"end":{"line":14,"column":null}},"10":{"start":{"line":15,"column":2},"end":{"line":15,"column":null}},"11":{"start":{"line":16,"column":2},"end":{"line":16,"column":null}},"12":{"start":{"line":17,"column":2},"end":{"line":17,"column":null}}},"fnMap":{"0":{"name":"(anonymous_0)","decl":{"start":{"line":3,"column":0},"end":{"line":3,"column":12}},"loc":{"start":{"line":3,"column":24},"end":{"line":12,"column":1}}},"1":{"name":"(anonymous_1)","decl":{"start":{"line":14,"column":0},"end":{"line":14,"column":12}},"loc":{"start":{"line":14,"column":23},"end":{"line":18,"column":1}}}},"branchMap":{"0":{"loc":{"start":{"line":3,"column":12},"end":{"line":3,"column":null}},"type":"binary-expr","locations":[{"start":{"line":3,"column":12},"end":{"line":3,"column":24}},{"start":{"line":3,"column":24},"end":{"line":3,"column":null}}]},"1":{"loc":{"start":{"line":14,"column":12},"end":{"line":14,"column":null}},"type":"binary-expr","locations":[{"start":{"line":14,"column":12},"end":{"line":14,"column":23}},{"start":{"line":14,"column":23},"end":{"line":14,"column":null}}]}},"s":{"0":1,"1":1,"2":1,"3":1,"4":1,"5":1,"6":1,"7":1,"8":1,"9":1,"10":1,"11":1,"12":1},"f":{"0":1,"1":1},"b":{"0":[1,1],"1":[1,1]}}
,"/Users/nicolaspayrouse/Desktop/website/libs/wui/src/components/WuiLink/WuiLink.tsx": {"path":"/Users/nicolaspayrouse/Desktop/website/libs/wui/src/components/WuiLink/WuiLink.tsx","statementMap":{"0":{"start":{"line":1,"column":0},"end":{"line":1,"column":35}},"1":{"start":{"line":3,"column":0},"end":{"line":3,"column":40}},"2":{"start":{"line":4,"column":0},"end":{"line":4,"column":74}},"3":{"start":{"line":6,"column":13},"end":{"line":21,"column":2}},"4":{"start":{"line":8,"column":23},"end":{"line":16,"column":null}},"5":{"start":{"line":19,"column":4},"end":{"line":19,"column":61}},"6":{"start":{"line":23,"column":0},"end":{"line":23,"column":32}}},"fnMap":{"0":{"name":"(anonymous_0)","decl":{"start":{"line":7,"column":2},"end":{"line":7,"column":3}},"loc":{"start":{"line":7,"column":73},"end":{"line":20,"column":3}}}},"branchMap":{"0":{"loc":{"start":{"line":7,"column":5},"end":{"line":7,"column":30}},"type":"default-arg","locations":[{"start":{"line":7,"column":13},"end":{"line":7,"column":30}}]},"1":{"loc":{"start":{"line":7,"column":38},"end":{"line":7,"column":52}},"type":"default-arg","locations":[{"start":{"line":7,"column":50},"end":{"line":7,"column":52}}]},"2":{"loc":{"start":{"line":11,"column":6},"end":{"line":15,"column":14}},"type":"cond-expr","locations":[{"start":{"line":12,"column":10},"end":{"line":12,"column":29}},{"start":{"line":13,"column":10},"end":{"line":15,"column":14}}]},"3":{"loc":{"start":{"line":13,"column":10},"end":{"line":15,"column":14}},"type":"cond-expr","locations":[{"start":{"line":14,"column":12},"end":{"line":14,"column":40}},{"start":{"line":15,"column":12},"end":{"line":15,"column":14}}]},"4":{"loc":{"start":{"line":13,"column":10},"end":{"line":13,"column":55}},"type":"binary-expr","locations":[{"start":{"line":13,"column":10},"end":{"line":13,"column":37}},{"start":{"line":13,"column":41},"end":{"line":13,"column":55}}]}},"s":{"0":1,"1":1,"2":1,"3":1,"4":4,"5":4,"6":1},"f":{"0":4},"b":{"0":[2],"1":[3],"2":[1,3],"3":[1,2],"4":[3,1]}}
,"/Users/nicolaspayrouse/Desktop/website/libs/wui/src/components/WuiModal/WuiModal.tsx": {"path":"/Users/nicolaspayrouse/Desktop/website/libs/wui/src/components/WuiModal/WuiModal.tsx","statementMap":{"0":{"start":{"line":1,"column":0},"end":{"line":1,"column":64}},"1":{"start":{"line":3,"column":0},"end":{"line":3,"column":40}},"2":{"start":{"line":5,"column":0},"end":{"line":5,"column":61}},"3":{"start":{"line":6,"column":0},"end":{"line":6,"column":72}},"4":{"start":{"line":8,"column":13},"end":{"line":153,"column":2}},"5":{"start":{"line":21,"column":21},"end":{"line":21,"column":52}},"6":{"start":{"line":22,"column":48},"end":{"line":22,"column":63}},"7":{"start":{"line":23,"column":25},"end":{"line":23,"column":38}},"8":{"start":{"line":25,"column":23},"end":{"line":25,"column":88}},"9":{"start":{"line":27,"column":4},"end":{"line":43,"column":15}},"10":{"start":{"line":28,"column":21},"end":{"line":28,"column":37}},"11":{"start":{"line":32,"column":6},"end":{"line":42,"column":7}},"12":{"start":{"line":33,"column":8},"end":{"line":33,"column":37}},"13":{"start":{"line":34,"column":8},"end":{"line":34,"column":27}},"14":{"start":{"line":35,"column":20},"end":{"line":37,"column":10}},"15":{"start":{"line":36,"column":10},"end":{"line":36,"column":63}},"16":{"start":{"line":36,"column":38},"end":{"line":36,"column":61}},"17":{"start":{"line":38,"column":8},"end":{"line":38,"column":47}},"18":{"start":{"line":38,"column":21},"end":{"line":38,"column":46}},"19":{"start":{"line":40,"column":8},"end":{"line":40,"column":33}},"20":{"start":{"line":41,"column":8},"end":{"line":41,"column":36}},"21":{"start":{"line":46,"column":4},"end":{"line":76,"column":18}},"22":{"start":{"line":47,"column":21},"end":{"line":47,"column":37}},"23":{"start":{"line":54,"column":26},"end":{"line":63,"column":7}},"24":{"start":{"line":60,"column":8},"end":{"line":60,"column":37}},"25":{"start":{"line":61,"column":8},"end":{"line":61,"column":23}},"26":{"start":{"line":62,"column":8},"end":{"line":62,"column":18}},"27":{"start":{"line":65,"column":34},"end":{"line":69,"column":7}},"28":{"start":{"line":66,"column":8},"end":{"line":66,"column":65}},"29":{"start":{"line":66,"column":58},"end":{"line":66,"column":65}},"30":{"start":{"line":67,"column":8},"end":{"line":67,"column":83}},"31":{"start":{"line":67,"column":76},"end":{"line":67,"column":83}},"32":{"start":{"line":68,"column":8},"end":{"line":68,"column":22}},"33":{"start":{"line":71,"column":6},"end":{"line":71,"column":68}},"34":{"start":{"line":73,"column":6},"end":{"line":75,"column":null}},"35":{"start":{"line":74,"column":8},"end":{"line":74,"column":80}},"36":{"start":{"line":79,"column":4},"end":{"line":94,"column":11}},"37":{"start":{"line":80,"column":21},"end":{"line":80,"column":37}},"38":{"start":{"line":84,"column":27},"end":{"line":90,"column":7}},"39":{"start":{"line":85,"column":8},"end":{"line":85,"column":27}},"40":{"start":{"line":86,"column":8},"end":{"line":89,"column":9}},"41":{"start":{"line":87,"column":10},"end":{"line":87,"column":38}},"42":{"start":{"line":88,"column":10},"end":{"line":88,"column":35}},"43":{"start":{"line":92,"column":6},"end":{"line":92,"column":54}},"44":{"start":{"line":93,"column":6},"end":{"line":93,"column":70}},"45":{"start":{"line":93,"column":19},"end":{"line":93,"column":69}},"46":{"start":{"line":97,"column":4},"end":{"line":109,"column":18}},"47":{"start":{"line":98,"column":21},"end":{"line":98,"column":37}},"48":{"start":{"line":102,"column":26},"end":{"line":105,"column":7}},"49":{"start":{"line":103,"column":8},"end":{"line":103,"column":41}},"50":{"start":{"line":103,"column":34},"end":{"line":103,"column":41}},"51":{"start":{"line":104,"column":8},"end":{"line":104,"column":18}},"52":{"start":{"line":107,"column":6},"end":{"line":107,"column":52}},"53":{"start":{"line":108,"column":6},"end":{"line":108,"column":68}},"54":{"start":{"line":108,"column":19},"end":{"line":108,"column":67}},"55":{"start":{"line":111,"column":19},"end":{"line":120,"column":5}},"56":{"start":{"line":112,"column":6},"end":{"line":112,"column":30}},"57":{"start":{"line":113,"column":6},"end":{"line":118,"column":7}},"58":{"start":{"line":114,"column":8},"end":{"line":114,"column":18}},"59":{"start":{"line":116,"column":11},"end":{"line":118,"column":7}},"60":{"start":{"line":117,"column":9},"end":{"line":117,"column":81}},"61":{"start":{"line":122,"column":29},"end":{"line":127,"column":5}},"62":{"start":{"line":123,"column":6},"end":{"line":126,"column":7}},"63":{"start":{"line":124,"column":8},"end":{"line":124,"column":36}},"64":{"start":{"line":125,"column":8},"end":{"line":125,"column":33}},"65":{"start":{"line":129,"column":4},"end":{"line":151,"column":6}},"66":{"start":{"line":155,"column":0},"end":{"line":155,"column":34}}},"fnMap":{"0":{"name":"(anonymous_0)","decl":{"start":{"line":9,"column":2},"end":{"line":9,"column":null}},"loc":{"start":{"line":20,"column":6},"end":{"line":152,"column":3}}},"1":{"name":"(anonymous_1)","decl":{"start":{"line":27,"column":14},"end":{"line":27,"column":17}},"loc":{"start":{"line":27,"column":19},"end":{"line":43,"column":5}}},"2":{"name":"(anonymous_2)","decl":{"start":{"line":35,"column":42},"end":{"line":35,"column":45}},"loc":{"start":{"line":35,"column":47},"end":{"line":37,"column":9}}},"3":{"name":"(anonymous_3)","decl":{"start":{"line":36,"column":32},"end":{"line":36,"column":35}},"loc":{"start":{"line":36,"column":38},"end":{"line":36,"column":61}}},"4":{"name":"(anonymous_4)","decl":{"start":{"line":38,"column":15},"end":{"line":38,"column":18}},"loc":{"start":{"line":38,"column":21},"end":{"line":38,"column":46}}},"5":{"name":"(anonymous_5)","decl":{"start":{"line":46,"column":14},"end":{"line":46,"column":17}},"loc":{"start":{"line":46,"column":19},"end":{"line":76,"column":5}}},"6":{"name":"(anonymous_6)","decl":{"start":{"line":54,"column":26},"end":{"line":54,"column":29}},"loc":{"start":{"line":54,"column":31},"end":{"line":63,"column":7}}},"7":{"name":"(anonymous_7)","decl":{"start":{"line":65,"column":34},"end":{"line":65,"column":35}},"loc":{"start":{"line":65,"column":57},"end":{"line":69,"column":7}}},"8":{"name":"(anonymous_8)","decl":{"start":{"line":73,"column":13},"end":{"line":73,"column":16}},"loc":{"start":{"line":73,"column":18},"end":{"line":75,"column":7}}},"9":{"name":"(anonymous_9)","decl":{"start":{"line":79,"column":14},"end":{"line":79,"column":17}},"loc":{"start":{"line":79,"column":19},"end":{"line":94,"column":5}}},"10":{"name":"(anonymous_10)","decl":{"start":{"line":84,"column":27},"end":{"line":84,"column":28}},"loc":{"start":{"line":84,"column":40},"end":{"line":90,"column":7}}},"11":{"name":"(anonymous_11)","decl":{"start":{"line":93,"column":13},"end":{"line":93,"column":16}},"loc":{"start":{"line":93,"column":19},"end":{"line":93,"column":69}}},"12":{"name":"(anonymous_12)","decl":{"start":{"line":97,"column":14},"end":{"line":97,"column":17}},"loc":{"start":{"line":97,"column":19},"end":{"line":109,"column":5}}},"13":{"name":"(anonymous_13)","decl":{"start":{"line":102,"column":26},"end":{"line":102,"column":29}},"loc":{"start":{"line":102,"column":31},"end":{"line":105,"column":7}}},"14":{"name":"(anonymous_14)","decl":{"start":{"line":108,"column":13},"end":{"line":108,"column":16}},"loc":{"start":{"line":108,"column":19},"end":{"line":108,"column":67}}},"15":{"name":"(anonymous_15)","decl":{"start":{"line":111,"column":19},"end":{"line":111,"column":20}},"loc":{"start":{"line":111,"column":54},"end":{"line":120,"column":5}}},"16":{"name":"(anonymous_16)","decl":{"start":{"line":122,"column":29},"end":{"line":122,"column":32}},"loc":{"start":{"line":122,"column":34},"end":{"line":127,"column":5}}}},"branchMap":{"0":{"loc":{"start":{"line":16,"column":6},"end":{"line":16,"column":20}},"type":"default-arg","locations":[{"start":{"line":16,"column":18},"end":{"line":16,"column":20}}]},"1":{"loc":{"start":{"line":25,"column":41},"end":{"line":25,"column":76}},"type":"binary-expr","locations":[{"start":{"line":25,"column":41},"end":{"line":25,"column":55}},{"start":{"line":25,"column":59},"end":{"line":25,"column":76}}]},"2":{"loc":{"start":{"line":32,"column":6},"end":{"line":42,"column":7}},"type":"if","locations":[{"start":{"line":32,"column":6},"end":{"line":42,"column":7}},{"start":{"line":39,"column":13},"end":{"line":42,"column":7}}]},"3":{"loc":{"start":{"line":66,"column":8},"end":{"line":66,"column":65}},"type":"if","locations":[{"start":{"line":66,"column":8},"end":{"line":66,"column":65}}]},"4":{"loc":{"start":{"line":66,"column":12},"end":{"line":66,"column":56}},"type":"binary-expr","locations":[{"start":{"line":66,"column":12},"end":{"line":66,"column":31}},{"start":{"line":66,"column":35},"end":{"line":66,"column":56}}]},"5":{"loc":{"start":{"line":67,"column":8},"end":{"line":67,"column":83}},"type":"if","locations":[{"start":{"line":67,"column":8},"end":{"line":67,"column":83}}]},"6":{"loc":{"start":{"line":67,"column":12},"end":{"line":67,"column":74}},"type":"binary-expr","locations":[{"start":{"line":67,"column":12},"end":{"line":67,"column":42}},{"start":{"line":67,"column":46},"end":{"line":67,"column":74}}]},"7":{"loc":{"start":{"line":86,"column":8},"end":{"line":89,"column":9}},"type":"if","locations":[{"start":{"line":86,"column":8},"end":{"line":89,"column":9}}]},"8":{"loc":{"start":{"line":103,"column":8},"end":{"line":103,"column":41}},"type":"if","locations":[{"start":{"line":103,"column":8},"end":{"line":103,"column":41}}]},"9":{"loc":{"start":{"line":113,"column":6},"end":{"line":118,"column":7}},"type":"if","locations":[{"start":{"line":113,"column":6},"end":{"line":118,"column":7}},{"start":{"line":116,"column":11},"end":{"line":118,"column":7}}]},"10":{"loc":{"start":{"line":116,"column":11},"end":{"line":118,"column":7}},"type":"if","locations":[{"start":{"line":116,"column":11},"end":{"line":118,"column":7}}]},"11":{"loc":{"start":{"line":123,"column":6},"end":{"line":126,"column":7}},"type":"if","locations":[{"start":{"line":123,"column":6},"end":{"line":126,"column":7}}]},"12":{"loc":{"start":{"line":137,"column":13},"end":{"line":138,"column":null}},"type":"binary-expr","locations":[{"start":{"line":137,"column":13},"end":{"line":137,"column":26}},{"start":{"line":138,"column":14},"end":{"line":138,"column":110}}]},"13":{"loc":{"start":{"line":146,"column":11},"end":{"line":147,"column":null}},"type":"binary-expr","locations":[{"start":{"line":146,"column":11},"end":{"line":146,"column":25}},{"start":{"line":147,"column":12},"end":{"line":147,"column":67}}]}},"s":{"0":1,"1":1,"2":1,"3":1,"4":1,"5":19,"6":19,"7":19,"8":19,"9":19,"10":9,"11":9,"12":6,"13":6,"14":6,"15":6,"16":6,"17":6,"18":6,"19":3,"20":3,"21":19,"22":8,"23":8,"24":3,"25":3,"26":3,"27":8,"28":5,"29":1,"30":4,"31":1,"32":3,"33":8,"34":8,"35":8,"36":19,"37":8,"38":8,"39":2,"40":2,"41":1,"42":1,"43":8,"44":8,"45":8,"46":19,"47":8,"48":8,"49":2,"50":1,"51":1,"52":8,"53":8,"54":8,"55":19,"56":38,"57":38,"58":2,"59":36,"60":2,"61":19,"62":3,"63":2,"64":2,"65":19,"66":1},"f":{"0":19,"1":9,"2":6,"3":6,"4":6,"5":8,"6":3,"7":5,"8":8,"9":8,"10":2,"11":8,"12":8,"13":2,"14":8,"15":38,"16":3},"b":{"0":[19],"1":[19,7],"2":[6,3],"3":[1],"4":[5,5],"5":[1],"6":[4,3],"7":[1],"8":[1],"9":[2,36],"10":[2],"11":[2],"12":[19,5],"13":[19,2]}}
,"/Users/nicolaspayrouse/Desktop/website/libs/wui/src/components/WuiText/WuiText.props.ts": {"path":"/Users/nicolaspayrouse/Desktop/website/libs/wui/src/components/WuiText/WuiText.props.ts","statementMap":{"0":{"start":{"line":10,"column":0},"end":{"line":10,"column":null}},"1":{"start":{"line":11,"column":2},"end":{"line":11,"column":null}},"2":{"start":{"line":12,"column":2},"end":{"line":12,"column":null}},"3":{"start":{"line":13,"column":2},"end":{"line":13,"column":null}},"4":{"start":{"line":16,"column":0},"end":{"line":16,"column":null}},"5":{"start":{"line":17,"column":2},"end":{"line":17,"column":null}},"6":{"start":{"line":18,"column":2},"end":{"line":18,"column":null}},"7":{"start":{"line":19,"column":2},"end":{"line":19,"column":null}},"8":{"start":{"line":20,"column":2},"end":{"line":20,"column":null}},"9":{"start":{"line":21,"column":2},"end":{"line":21,"column":null}},"10":{"start":{"line":22,"column":2},"end":{"line":22,"column":null}},"11":{"start":{"line":23,"column":2},"end":{"line":23,"column":null}},"12":{"start":{"line":26,"column":0},"end":{"line":26,"column":null}},"13":{"start":{"line":27,"column":2},"end":{"line":27,"column":null}},"14":{"start":{"line":28,"column":2},"end":{"line":28,"column":null}}},"fnMap":{"0":{"name":"(anonymous_0)","decl":{"start":{"line":10,"column":0},"end":{"line":10,"column":12}},"loc":{"start":{"line":10,"column":21},"end":{"line":14,"column":1}}},"1":{"name":"(anonymous_1)","decl":{"start":{"line":16,"column":0},"end":{"line":16,"column":12}},"loc":{"start":{"line":16,"column":23},"end":{"line":24,"column":1}}},"2":{"name":"(anonymous_2)","decl":{"start":{"line":26,"column":0},"end":{"line":26,"column":12}},"loc":{"start":{"line":26,"column":25},"end":{"line":29,"column":1}}}},"branchMap":{"0":{"loc":{"start":{"line":10,"column":12},"end":{"line":10,"column":null}},"type":"binary-expr","locations":[{"start":{"line":10,"column":12},"end":{"line":10,"column":21}},{"start":{"line":10,"column":21},"end":{"line":10,"column":null}}]},"1":{"loc":{"start":{"line":16,"column":12},"end":{"line":16,"column":null}},"type":"binary-expr","locations":[{"start":{"line":16,"column":12},"end":{"line":16,"column":23}},{"start":{"line":16,"column":23},"end":{"line":16,"column":null}}]},"2":{"loc":{"start":{"line":26,"column":12},"end":{"line":26,"column":null}},"type":"binary-expr","locations":[{"start":{"line":26,"column":12},"end":{"line":26,"column":25}},{"start":{"line":26,"column":25},"end":{"line":26,"column":null}}]}},"s":{"0":2,"1":2,"2":2,"3":2,"4":2,"5":2,"6":2,"7":2,"8":2,"9":2,"10":2,"11":2,"12":2,"13":2,"14":2},"f":{"0":2,"1":2,"2":2},"b":{"0":[2,2],"1":[2,2],"2":[2,2]}}
,"/Users/nicolaspayrouse/Desktop/website/libs/wui/src/components/WuiText/WuiText.tsx": {"path":"/Users/nicolaspayrouse/Desktop/website/libs/wui/src/components/WuiText/WuiText.tsx","statementMap":{"0":{"start":{"line":1,"column":0},"end":{"line":1,"column":53}},"1":{"start":{"line":3,"column":0},"end":{"line":3,"column":62}},"2":{"start":{"line":4,"column":0},"end":{"line":4,"column":40}},"3":{"start":{"line":5,"column":0},"end":{"line":5,"column":null}},"4":{"start":{"line":13,"column":13},"end":{"line":37,"column":2}},"5":{"start":{"line":25,"column":17},"end":{"line":25,"column":36}},"6":{"start":{"line":27,"column":23},"end":{"line":32,"column":null}},"7":{"start":{"line":35,"column":4},"end":{"line":35,"column":70}},"8":{"start":{"line":39,"column":0},"end":{"line":39,"column":32}}},"fnMap":{"0":{"name":"(anonymous_0)","decl":{"start":{"line":14,"column":2},"end":{"line":14,"column":null}},"loc":{"start":{"line":24,"column":6},"end":{"line":36,"column":3}}}},"branchMap":{"0":{"loc":{"start":{"line":16,"column":6},"end":{"line":16,"column":20}},"type":"default-arg","locations":[{"start":{"line":16,"column":18},"end":{"line":16,"column":20}}]},"1":{"loc":{"start":{"line":17,"column":6},"end":{"line":17,"column":26}},"type":"default-arg","locations":[{"start":{"line":17,"column":13},"end":{"line":17,"column":26}}]},"2":{"loc":{"start":{"line":18,"column":6},"end":{"line":18,"column":35}},"type":"default-arg","locations":[{"start":{"line":18,"column":15},"end":{"line":18,"column":35}}]},"3":{"loc":{"start":{"line":19,"column":6},"end":{"line":19,"column":39}},"type":"default-arg","locations":[{"start":{"line":19,"column":14},"end":{"line":19,"column":39}}]},"4":{"loc":{"start":{"line":25,"column":17},"end":{"line":25,"column":36}},"type":"binary-expr","locations":[{"start":{"line":25,"column":17},"end":{"line":25,"column":19}},{"start":{"line":25,"column":23},"end":{"line":25,"column":36}}]}},"s":{"0":2,"1":2,"2":2,"3":2,"4":2,"5":8,"6":8,"7":8,"8":2},"f":{"0":8},"b":{"0":[2],"1":[2],"2":[7],"3":[7],"4":[8,1]}}
,"/Users/nicolaspayrouse/Desktop/website/libs/wui/src/components/WuiTitle/WuiTitle.props.ts": {"path":"/Users/nicolaspayrouse/Desktop/website/libs/wui/src/components/WuiTitle/WuiTitle.props.ts","statementMap":{"0":{"start":{"line":5,"column":0},"end":{"line":5,"column":null}},"1":{"start":{"line":6,"column":2},"end":{"line":6,"column":null}},"2":{"start":{"line":7,"column":2},"end":{"line":7,"column":null}},"3":{"start":{"line":8,"column":2},"end":{"line":8,"column":null}},"4":{"start":{"line":9,"column":2},"end":{"line":9,"column":null}},"5":{"start":{"line":10,"column":2},"end":{"line":10,"column":null}},"6":{"start":{"line":11,"column":2},"end":{"line":11,"column":null}},"7":{"start":{"line":14,"column":0},"end":{"line":14,"column":null}},"8":{"start":{"line":15,"column":2},"end":{"line":15,"column":null}},"9":{"start":{"line":16,"column":2},"end":{"line":16,"column":null}},"10":{"start":{"line":17,"column":2},"end":{"line":17,"column":null}},"11":{"start":{"line":18,"column":2},"end":{"line":18,"column":null}},"12":{"start":{"line":19,"column":2},"end":{"line":19,"column":null}},"13":{"start":{"line":20,"column":2},"end":{"line":20,"column":null}}},"fnMap":{"0":{"name":"(anonymous_0)","decl":{"start":{"line":5,"column":0},"end":{"line":5,"column":12}},"loc":{"start":{"line":5,"column":22},"end":{"line":12,"column":1}}},"1":{"name":"(anonymous_1)","decl":{"start":{"line":14,"column":0},"end":{"line":14,"column":12}},"loc":{"start":{"line":14,"column":24},"end":{"line":21,"column":1}}}},"branchMap":{"0":{"loc":{"start":{"line":5,"column":12},"end":{"line":5,"column":null}},"type":"binary-expr","locations":[{"start":{"line":5,"column":12},"end":{"line":5,"column":22}},{"start":{"line":5,"column":22},"end":{"line":5,"column":null}}]},"1":{"loc":{"start":{"line":14,"column":12},"end":{"line":14,"column":null}},"type":"binary-expr","locations":[{"start":{"line":14,"column":12},"end":{"line":14,"column":24}},{"start":{"line":14,"column":24},"end":{"line":14,"column":null}}]}},"s":{"0":1,"1":1,"2":1,"3":1,"4":1,"5":1,"6":1,"7":1,"8":1,"9":1,"10":1,"11":1,"12":1,"13":1},"f":{"0":1,"1":1},"b":{"0":[1,1],"1":[1,1]}}
,"/Users/nicolaspayrouse/Desktop/website/libs/wui/src/components/WuiTitle/WuiTitle.tsx": {"path":"/Users/nicolaspayrouse/Desktop/website/libs/wui/src/components/WuiTitle/WuiTitle.tsx","statementMap":{"0":{"start":{"line":1,"column":0},"end":{"line":1,"column":35}},"1":{"start":{"line":3,"column":0},"end":{"line":3,"column":43}},"2":{"start":{"line":4,"column":0},"end":{"line":4,"column":40}},"3":{"start":{"line":5,"column":0},"end":{"line":5,"column":61}},"4":{"start":{"line":7,"column":13},"end":{"line":27,"column":2}},"5":{"start":{"line":18,"column":23},"end":{"line":22,"column":null}},"6":{"start":{"line":25,"column":4},"end":{"line":25,"column":63}},"7":{"start":{"line":29,"column":0},"end":{"line":29,"column":34}}},"fnMap":{"0":{"name":"(anonymous_0)","decl":{"start":{"line":8,"column":2},"end":{"line":8,"column":null}},"loc":{"start":{"line":17,"column":6},"end":{"line":26,"column":3}}}},"branchMap":{"0":{"loc":{"start":{"line":10,"column":6},"end":{"line":10,"column":20}},"type":"default-arg","locations":[{"start":{"line":10,"column":18},"end":{"line":10,"column":20}}]},"1":{"loc":{"start":{"line":11,"column":10},"end":{"line":11,"column":29}},"type":"default-arg","locations":[{"start":{"line":11,"column":16},"end":{"line":11,"column":29}}]},"2":{"loc":{"start":{"line":13,"column":6},"end":{"line":13,"column":39}},"type":"default-arg","locations":[{"start":{"line":13,"column":14},"end":{"line":13,"column":39}}]},"3":{"loc":{"start":{"line":20,"column":6},"end":{"line":20,"column":38}},"type":"cond-expr","locations":[{"start":{"line":20,"column":13},"end":{"line":20,"column":33}},{"start":{"line":20,"column":36},"end":{"line":20,"column":38}}]},"4":{"loc":{"start":{"line":21,"column":6},"end":{"line":21,"column":40}},"type":"cond-expr","locations":[{"start":{"line":21,"column":14},"end":{"line":21,"column":35}},{"start":{"line":21,"column":38},"end":{"line":21,"column":40}}]}},"s":{"0":1,"1":1,"2":1,"3":1,"4":1,"5":4,"6":4,"7":1},"f":{"0":4},"b":{"0":[3],"1":[2],"2":[2],"3":[1,3],"4":[3,1]}}
,"/Users/nicolaspayrouse/Desktop/website/libs/wui/src/enum/WuiColorAlias.enum.ts": {"path":"/Users/nicolaspayrouse/Desktop/website/libs/wui/src/enum/WuiColorAlias.enum.ts","statementMap":{"0":{"start":{"line":4,"column":0},"end":{"line":4,"column":null}},"1":{"start":{"line":5,"column":2},"end":{"line":5,"column":null}},"2":{"start":{"line":6,"column":2},"end":{"line":6,"column":null}},"3":{"start":{"line":7,"column":2},"end":{"line":7,"column":null}},"4":{"start":{"line":8,"column":2},"end":{"line":8,"column":null}},"5":{"start":{"line":9,"column":2},"end":{"line":9,"column":null}},"6":{"start":{"line":10,"column":2},"end":{"line":10,"column":null}},"7":{"start":{"line":11,"column":2},"end":{"line":11,"column":null}},"8":{"start":{"line":12,"column":2},"end":{"line":12,"column":null}},"9":{"start":{"line":13,"column":2},"end":{"line":13,"column":null}},"10":{"start":{"line":14,"column":2},"end":{"line":14,"column":null}},"11":{"start":{"line":15,"column":2},"end":{"line":15,"column":null}},"12":{"start":{"line":16,"column":2},"end":{"line":16,"column":null}},"13":{"start":{"line":17,"column":2},"end":{"line":17,"column":null}},"14":{"start":{"line":18,"column":2},"end":{"line":18,"column":null}},"15":{"start":{"line":19,"column":2},"end":{"line":19,"column":null}},"16":{"start":{"line":20,"column":2},"end":{"line":20,"column":null}},"17":{"start":{"line":21,"column":2},"end":{"line":21,"column":null}},"18":{"start":{"line":22,"column":2},"end":{"line":22,"column":null}},"19":{"start":{"line":23,"column":2},"end":{"line":23,"column":null}},"20":{"start":{"line":24,"column":2},"end":{"line":24,"column":null}},"21":{"start":{"line":25,"column":2},"end":{"line":25,"column":null}},"22":{"start":{"line":26,"column":2},"end":{"line":26,"column":null}},"23":{"start":{"line":27,"column":2},"end":{"line":27,"column":null}},"24":{"start":{"line":28,"column":2},"end":{"line":28,"column":null}},"25":{"start":{"line":29,"column":2},"end":{"line":29,"column":null}},"26":{"start":{"line":30,"column":2},"end":{"line":30,"column":null}},"27":{"start":{"line":31,"column":2},"end":{"line":31,"column":null}},"28":{"start":{"line":32,"column":2},"end":{"line":32,"column":null}},"29":{"start":{"line":33,"column":2},"end":{"line":33,"column":null}},"30":{"start":{"line":34,"column":2},"end":{"line":34,"column":null}},"31":{"start":{"line":35,"column":2},"end":{"line":35,"column":null}},"32":{"start":{"line":36,"column":2},"end":{"line":36,"column":null}},"33":{"start":{"line":37,"column":2},"end":{"line":37,"column":null}},"34":{"start":{"line":38,"column":2},"end":{"line":38,"column":null}},"35":{"start":{"line":39,"column":2},"end":{"line":39,"column":null}},"36":{"start":{"line":40,"column":2},"end":{"line":40,"column":null}},"37":{"start":{"line":41,"column":2},"end":{"line":41,"column":null}},"38":{"start":{"line":42,"column":2},"end":{"line":42,"column":null}},"39":{"start":{"line":43,"column":2},"end":{"line":43,"column":null}},"40":{"start":{"line":44,"column":2},"end":{"line":44,"column":null}},"41":{"start":{"line":45,"column":2},"end":{"line":45,"column":null}},"42":{"start":{"line":46,"column":2},"end":{"line":46,"column":null}},"43":{"start":{"line":47,"column":2},"end":{"line":47,"column":null}},"44":{"start":{"line":48,"column":2},"end":{"line":48,"column":null}},"45":{"start":{"line":49,"column":2},"end":{"line":49,"column":null}},"46":{"start":{"line":50,"column":2},"end":{"line":50,"column":null}},"47":{"start":{"line":51,"column":2},"end":{"line":51,"column":null}},"48":{"start":{"line":52,"column":2},"end":{"line":52,"column":null}},"49":{"start":{"line":53,"column":2},"end":{"line":53,"column":null}},"50":{"start":{"line":54,"column":2},"end":{"line":54,"column":null}}},"fnMap":{"0":{"name":"(anonymous_0)","decl":{"start":{"line":4,"column":0},"end":{"line":4,"column":12}},"loc":{"start":{"line":4,"column":25},"end":{"line":55,"column":1}}}},"branchMap":{"0":{"loc":{"start":{"line":4,"column":12},"end":{"line":4,"column":null}},"type":"binary-expr","locations":[{"start":{"line":4,"column":12},"end":{"line":4,"column":25}},{"start":{"line":4,"column":25},"end":{"line":4,"column":null}}]}},"s":{"0":3,"1":3,"2":3,"3":3,"4":3,"5":3,"6":3,"7":3,"8":3,"9":3,"10":3,"11":3,"12":3,"13":3,"14":3,"15":3,"16":3,"17":3,"18":3,"19":3,"20":3,"21":3,"22":3,"23":3,"24":3,"25":3,"26":3,"27":3,"28":3,"29":3,"30":3,"31":3,"32":3,"33":3,"34":3,"35":3,"36":3,"37":3,"38":3,"39":3,"40":3,"41":3,"42":3,"43":3,"44":3,"45":3,"46":3,"47":3,"48":3,"49":3,"50":3},"f":{"0":3},"b":{"0":[3,3]}}
,"/Users/nicolaspayrouse/Desktop/website/libs/wui/src/enum/WuiColorName.enum.ts": {"path":"/Users/nicolaspayrouse/Desktop/website/libs/wui/src/enum/WuiColorName.enum.ts","statementMap":{"0":{"start":{"line":4,"column":0},"end":{"line":4,"column":null}},"1":{"start":{"line":5,"column":2},"end":{"line":5,"column":null}},"2":{"start":{"line":6,"column":2},"end":{"line":6,"column":null}},"3":{"start":{"line":7,"column":2},"end":{"line":7,"column":null}},"4":{"start":{"line":8,"column":2},"end":{"line":8,"column":null}},"5":{"start":{"line":9,"column":2},"end":{"line":9,"column":null}},"6":{"start":{"line":10,"column":2},"end":{"line":10,"column":null}},"7":{"start":{"line":11,"column":2},"end":{"line":11,"column":null}},"8":{"start":{"line":12,"column":2},"end":{"line":12,"column":null}},"9":{"start":{"line":13,"column":2},"end":{"line":13,"column":null}},"10":{"start":{"line":14,"column":2},"end":{"line":14,"column":null}},"11":{"start":{"line":15,"column":2},"end":{"line":15,"column":null}},"12":{"start":{"line":16,"column":2},"end":{"line":16,"column":null}},"13":{"start":{"line":17,"column":2},"end":{"line":17,"column":null}},"14":{"start":{"line":18,"column":2},"end":{"line":18,"column":null}},"15":{"start":{"line":19,"column":2},"end":{"line":19,"column":null}},"16":{"start":{"line":20,"column":2},"end":{"line":20,"column":null}},"17":{"start":{"line":21,"column":2},"end":{"line":21,"column":null}},"18":{"start":{"line":22,"column":2},"end":{"line":22,"column":null}},"19":{"start":{"line":23,"column":2},"end":{"line":23,"column":null}},"20":{"start":{"line":24,"column":2},"end":{"line":24,"column":null}},"21":{"start":{"line":25,"column":2},"end":{"line":25,"column":null}},"22":{"start":{"line":26,"column":2},"end":{"line":26,"column":null}},"23":{"start":{"line":27,"column":2},"end":{"line":27,"column":null}},"24":{"start":{"line":28,"column":2},"end":{"line":28,"column":null}},"25":{"start":{"line":29,"column":2},"end":{"line":29,"column":null}},"26":{"start":{"line":30,"column":2},"end":{"line":30,"column":null}},"27":{"start":{"line":31,"column":2},"end":{"line":31,"column":null}},"28":{"start":{"line":32,"column":2},"end":{"line":32,"column":null}},"29":{"start":{"line":33,"column":2},"end":{"line":33,"column":null}},"30":{"start":{"line":34,"column":2},"end":{"line":34,"column":null}},"31":{"start":{"line":35,"column":2},"end":{"line":35,"column":null}},"32":{"start":{"line":36,"column":2},"end":{"line":36,"column":null}},"33":{"start":{"line":37,"column":2},"end":{"line":37,"column":null}},"34":{"start":{"line":38,"column":2},"end":{"line":38,"column":null}},"35":{"start":{"line":39,"column":2},"end":{"line":39,"column":null}},"36":{"start":{"line":40,"column":2},"end":{"line":40,"column":null}},"37":{"start":{"line":41,"column":2},"end":{"line":41,"column":null}},"38":{"start":{"line":42,"column":2},"end":{"line":42,"column":null}},"39":{"start":{"line":43,"column":2},"end":{"line":43,"column":null}},"40":{"start":{"line":44,"column":2},"end":{"line":44,"column":null}},"41":{"start":{"line":45,"column":2},"end":{"line":45,"column":null}},"42":{"start":{"line":46,"column":2},"end":{"line":46,"column":null}},"43":{"start":{"line":47,"column":2},"end":{"line":47,"column":null}},"44":{"start":{"line":48,"column":2},"end":{"line":48,"column":null}},"45":{"start":{"line":49,"column":2},"end":{"line":49,"column":null}},"46":{"start":{"line":50,"column":2},"end":{"line":50,"column":null}},"47":{"start":{"line":51,"column":2},"end":{"line":51,"column":null}},"48":{"start":{"line":52,"column":2},"end":{"line":52,"column":null}},"49":{"start":{"line":53,"column":2},"end":{"line":53,"column":null}},"50":{"start":{"line":54,"column":2},"end":{"line":54,"column":null}}},"fnMap":{"0":{"name":"(anonymous_0)","decl":{"start":{"line":4,"column":0},"end":{"line":4,"column":12}},"loc":{"start":{"line":4,"column":24},"end":{"line":55,"column":1}}}},"branchMap":{"0":{"loc":{"start":{"line":4,"column":12},"end":{"line":4,"column":null}},"type":"binary-expr","locations":[{"start":{"line":4,"column":12},"end":{"line":4,"column":24}},{"start":{"line":4,"column":24},"end":{"line":4,"column":null}}]}},"s":{"0":2,"1":2,"2":2,"3":2,"4":2,"5":2,"6":2,"7":2,"8":2,"9":2,"10":2,"11":2,"12":2,"13":2,"14":2,"15":2,"16":2,"17":2,"18":2,"19":2,"20":2,"21":2,"22":2,"23":2,"24":2,"25":2,"26":2,"27":2,"28":2,"29":2,"30":2,"31":2,"32":2,"33":2,"34":2,"35":2,"36":2,"37":2,"38":2,"39":2,"40":2,"41":2,"42":2,"43":2,"44":2,"45":2,"46":2,"47":2,"48":2,"49":2,"50":2},"f":{"0":2},"b":{"0":[2,2]}}
,"/Users/nicolaspayrouse/Desktop/website/libs/wui/src/enum/WuiColorValue.enum.ts": {"path":"/Users/nicolaspayrouse/Desktop/website/libs/wui/src/enum/WuiColorValue.enum.ts","statementMap":{"0":{"start":{"line":4,"column":0},"end":{"line":4,"column":null}},"1":{"start":{"line":5,"column":2},"end":{"line":5,"column":null}},"2":{"start":{"line":6,"column":2},"end":{"line":6,"column":null}},"3":{"start":{"line":7,"column":2},"end":{"line":7,"column":null}},"4":{"start":{"line":8,"column":2},"end":{"line":8,"column":null}},"5":{"start":{"line":9,"column":2},"end":{"line":9,"column":null}},"6":{"start":{"line":10,"column":2},"end":{"line":10,"column":null}},"7":{"start":{"line":11,"column":2},"end":{"line":11,"column":null}},"8":{"start":{"line":12,"column":2},"end":{"line":12,"column":null}},"9":{"start":{"line":13,"column":2},"end":{"line":13,"column":null}},"10":{"start":{"line":14,"column":2},"end":{"line":14,"column":null}},"11":{"start":{"line":15,"column":2},"end":{"line":15,"column":null}},"12":{"start":{"line":16,"column":2},"end":{"line":16,"column":null}},"13":{"start":{"line":17,"column":2},"end":{"line":17,"column":null}},"14":{"start":{"line":18,"column":2},"end":{"line":18,"column":null}},"15":{"start":{"line":19,"column":2},"end":{"line":19,"column":null}},"16":{"start":{"line":20,"column":2},"end":{"line":20,"column":null}},"17":{"start":{"line":21,"column":2},"end":{"line":21,"column":null}},"18":{"start":{"line":22,"column":2},"end":{"line":22,"column":null}},"19":{"start":{"line":23,"column":2},"end":{"line":23,"column":null}},"20":{"start":{"line":24,"column":2},"end":{"line":24,"column":null}},"21":{"start":{"line":25,"column":2},"end":{"line":25,"column":null}},"22":{"start":{"line":26,"column":2},"end":{"line":26,"column":null}},"23":{"start":{"line":27,"column":2},"end":{"line":27,"column":null}},"24":{"start":{"line":28,"column":2},"end":{"line":28,"column":null}},"25":{"start":{"line":29,"column":2},"end":{"line":29,"column":null}},"26":{"start":{"line":30,"column":2},"end":{"line":30,"column":null}},"27":{"start":{"line":31,"column":2},"end":{"line":31,"column":null}},"28":{"start":{"line":32,"column":2},"end":{"line":32,"column":null}},"29":{"start":{"line":33,"column":2},"end":{"line":33,"column":null}},"30":{"start":{"line":34,"column":2},"end":{"line":34,"column":null}},"31":{"start":{"line":35,"column":2},"end":{"line":35,"column":null}},"32":{"start":{"line":36,"column":2},"end":{"line":36,"column":null}},"33":{"start":{"line":37,"column":2},"end":{"line":37,"column":null}},"34":{"start":{"line":38,"column":2},"end":{"line":38,"column":null}},"35":{"start":{"line":39,"column":2},"end":{"line":39,"column":null}},"36":{"start":{"line":40,"column":2},"end":{"line":40,"column":null}},"37":{"start":{"line":41,"column":2},"end":{"line":41,"column":null}},"38":{"start":{"line":42,"column":2},"end":{"line":42,"column":null}},"39":{"start":{"line":43,"column":2},"end":{"line":43,"column":null}},"40":{"start":{"line":44,"column":2},"end":{"line":44,"column":null}},"41":{"start":{"line":45,"column":2},"end":{"line":45,"column":null}},"42":{"start":{"line":46,"column":2},"end":{"line":46,"column":null}},"43":{"start":{"line":47,"column":2},"end":{"line":47,"column":null}},"44":{"start":{"line":48,"column":2},"end":{"line":48,"column":null}},"45":{"start":{"line":49,"column":2},"end":{"line":49,"column":null}},"46":{"start":{"line":50,"column":2},"end":{"line":50,"column":null}},"47":{"start":{"line":51,"column":2},"end":{"line":51,"column":null}},"48":{"start":{"line":52,"column":2},"end":{"line":52,"column":null}},"49":{"start":{"line":53,"column":2},"end":{"line":53,"column":null}},"50":{"start":{"line":54,"column":2},"end":{"line":54,"column":null}}},"fnMap":{"0":{"name":"(anonymous_0)","decl":{"start":{"line":4,"column":0},"end":{"line":4,"column":12}},"loc":{"start":{"line":4,"column":25},"end":{"line":55,"column":1}}}},"branchMap":{"0":{"loc":{"start":{"line":4,"column":12},"end":{"line":4,"column":null}},"type":"binary-expr","locations":[{"start":{"line":4,"column":12},"end":{"line":4,"column":25}},{"start":{"line":4,"column":25},"end":{"line":4,"column":null}}]}},"s":{"0":2,"1":2,"2":2,"3":2,"4":2,"5":2,"6":2,"7":2,"8":2,"9":2,"10":2,"11":2,"12":2,"13":2,"14":2,"15":2,"16":2,"17":2,"18":2,"19":2,"20":2,"21":2,"22":2,"23":2,"24":2,"25":2,"26":2,"27":2,"28":2,"29":2,"30":2,"31":2,"32":2,"33":2,"34":2,"35":2,"36":2,"37":2,"38":2,"39":2,"40":2,"41":2,"42":2,"43":2,"44":2,"45":2,"46":2,"47":2,"48":2,"49":2,"50":2},"f":{"0":2},"b":{"0":[2,2]}}
,"/Users/nicolaspayrouse/Desktop/website/libs/wui/src/utils/clsx.ts": {"path":"/Users/nicolaspayrouse/Desktop/website/libs/wui/src/utils/clsx.ts","statementMap":{"0":{"start":{"line":13,"column":20},"end":{"line":17,"column":1}},"1":{"start":{"line":16,"column":2},"end":{"line":16,"column":43}},"2":{"start":{"line":13,"column":13},"end":{"line":13,"column":20}}},"fnMap":{"0":{"name":"(anonymous_0)","decl":{"start":{"line":13,"column":20},"end":{"line":13,"column":null}},"loc":{"start":{"line":15,"column":12},"end":{"line":17,"column":1}}}},"branchMap":{},"s":{"0":7,"1":73,"2":7},"f":{"0":73},"b":{}}
,"/Users/nicolaspayrouse/Desktop/website/libs/wui/src/utils/lorem-ipsum.ts": {"path":"/Users/nicolaspayrouse/Desktop/website/libs/wui/src/utils/lorem-ipsum.ts","statementMap":{"0":{"start":{"line":1,"column":13},"end":{"line":2,"column":3362}},"1":{"start":{"line":16,"column":26},"end":{"line":23,"column":1}},"2":{"start":{"line":17,"column":16},"end":{"line":17,"column":40}},"3":{"start":{"line":18,"column":24},"end":{"line":18,"column":73}},"4":{"start":{"line":19,"column":15},"end":{"line":19,"column":38}},"5":{"start":{"line":22,"column":2},"end":{"line":22,"column":48}},"6":{"start":{"line":16,"column":13},"end":{"line":16,"column":26}}},"fnMap":{"0":{"name":"(anonymous_0)","decl":{"start":{"line":16,"column":26},"end":{"line":16,"column":27}},"loc":{"start":{"line":16,"column":61},"end":{"line":23,"column":1}}}},"branchMap":{"0":{"loc":{"start":{"line":16,"column":27},"end":{"line":16,"column":49}},"type":"default-arg","locations":[{"start":{"line":16,"column":47},"end":{"line":16,"column":49}}]},"1":{"loc":{"start":{"line":22,"column":9},"end":{"line":22,"column":47}},"type":"cond-expr","locations":[{"start":{"line":22,"column":30},"end":{"line":22,"column":34}},{"start":{"line":22,"column":37},"end":{"line":22,"column":47}}]}},"s":{"0":1,"1":1,"2":3,"3":3,"4":3,"5":3,"6":1},"f":{"0":3},"b":{"0":[1],"1":[1,2]}}
}
