{"/Users/wawawoom/Desktop/WORK/WAWAWOOM/website/libs/wui/src/components/WuiAlert/WuiAlert.props.ts": {"path":"/Users/wawawoom/Desktop/WORK/WAWAWOOM/website/libs/wui/src/components/WuiAlert/WuiAlert.props.ts","statementMap":{"0":{"start":{"line":3,"column":0},"end":{"line":3,"column":null}},"1":{"start":{"line":4,"column":2},"end":{"line":4,"column":null}},"2":{"start":{"line":5,"column":2},"end":{"line":5,"column":null}},"3":{"start":{"line":6,"column":2},"end":{"line":6,"column":null}},"4":{"start":{"line":7,"column":2},"end":{"line":7,"column":null}},"5":{"start":{"line":8,"column":2},"end":{"line":8,"column":null}},"6":{"start":{"line":9,"column":2},"end":{"line":9,"column":null}}},"fnMap":{"0":{"name":"(anonymous_0)","decl":{"start":{"line":3,"column":0},"end":{"line":3,"column":12}},"loc":{"start":{"line":3,"column":25},"end":{"line":10,"column":1}}}},"branchMap":{"0":{"loc":{"start":{"line":3,"column":12},"end":{"line":3,"column":null}},"type":"binary-expr","locations":[{"start":{"line":3,"column":12},"end":{"line":3,"column":25}},{"start":{"line":3,"column":25},"end":{"line":3,"column":null}}]}},"s":{"0":1,"1":1,"2":1,"3":1,"4":1,"5":1,"6":1},"f":{"0":1},"b":{"0":[1,1]}}
,"/Users/wawawoom/Desktop/WORK/WAWAWOOM/website/libs/wui/src/components/WuiAlert/WuiAlert.tsx": {"path":"/Users/wawawoom/Desktop/WORK/WAWAWOOM/website/libs/wui/src/components/WuiAlert/WuiAlert.tsx","statementMap":{"0":{"start":{"line":1,"column":0},"end":{"line":1,"column":35}},"1":{"start":{"line":3,"column":0},"end":{"line":3,"column":40}},"2":{"start":{"line":4,"column":0},"end":{"line":4,"column":49}},"3":{"start":{"line":7,"column":53},"end":{"line":14,"column":2}},"4":{"start":{"line":16,"column":13},"end":{"line":44,"column":2}},"5":{"start":{"line":21,"column":26},"end":{"line":21,"column":37}},"6":{"start":{"line":22,"column":22},"end":{"line":22,"column":50}},"7":{"start":{"line":24,"column":23},"end":{"line":27,"column":null}},"8":{"start":{"line":30,"column":4},"end":{"line":42,"column":6}},"9":{"start":{"line":46,"column":0},"end":{"line":46,"column":34}}},"fnMap":{"0":{"name":"(anonymous_0)","decl":{"start":{"line":17,"column":2},"end":{"line":17,"column":null}},"loc":{"start":{"line":20,"column":6},"end":{"line":43,"column":3}}}},"branchMap":{"0":{"loc":{"start":{"line":18,"column":6},"end":{"line":18,"column":32}},"type":"default-arg","locations":[{"start":{"line":18,"column":14},"end":{"line":18,"column":32}}]},"1":{"loc":{"start":{"line":18,"column":50},"end":{"line":18,"column":64}},"type":"default-arg","locations":[{"start":{"line":18,"column":62},"end":{"line":18,"column":64}}]},"2":{"loc":{"start":{"line":22,"column":22},"end":{"line":22,"column":50}},"type":"binary-expr","locations":[{"start":{"line":22,"column":22},"end":{"line":22,"column":26}},{"start":{"line":22,"column":30},"end":{"line":22,"column":50}}]},"3":{"loc":{"start":{"line":36,"column":9},"end":{"line":39,"column":null}},"type":"cond-expr","locations":[{"start":{"line":37,"column":10},"end":{"line":37,"column":73}},{"start":{"line":39,"column":10},"end":{"line":39,"column":71}}]}},"s":{"0":1,"1":1,"2":1,"3":1,"4":1,"5":3,"6":3,"7":3,"8":3,"9":1},"f":{"0":3},"b":{"0":[2],"1":[2],"2":[3,2],"3":[3,0]}}
,"/Users/wawawoom/Desktop/WORK/WAWAWOOM/website/libs/wui/src/components/WuiBadge/WuiBadge.props.tsx": {"path":"/Users/wawawoom/Desktop/WORK/WAWAWOOM/website/libs/wui/src/components/WuiBadge/WuiBadge.props.tsx","statementMap":{"0":{"start":{"line":3,"column":0},"end":{"line":3,"column":null}},"1":{"start":{"line":4,"column":2},"end":{"line":4,"column":null}},"2":{"start":{"line":5,"column":2},"end":{"line":5,"column":null}},"3":{"start":{"line":6,"column":2},"end":{"line":6,"column":null}},"4":{"start":{"line":7,"column":2},"end":{"line":7,"column":null}},"5":{"start":{"line":8,"column":2},"end":{"line":8,"column":null}},"6":{"start":{"line":9,"column":2},"end":{"line":9,"column":null}},"7":{"start":{"line":10,"column":2},"end":{"line":10,"column":null}},"8":{"start":{"line":11,"column":2},"end":{"line":11,"column":null}},"9":{"start":{"line":14,"column":0},"end":{"line":14,"column":null}},"10":{"start":{"line":15,"column":2},"end":{"line":15,"column":null}},"11":{"start":{"line":16,"column":2},"end":{"line":16,"column":null}},"12":{"start":{"line":17,"column":2},"end":{"line":17,"column":null}}},"fnMap":{"0":{"name":"(anonymous_0)","decl":{"start":{"line":3,"column":0},"end":{"line":3,"column":12}},"loc":{"start":{"line":3,"column":25},"end":{"line":12,"column":1}}},"1":{"name":"(anonymous_1)","decl":{"start":{"line":14,"column":0},"end":{"line":14,"column":12}},"loc":{"start":{"line":14,"column":24},"end":{"line":18,"column":1}}}},"branchMap":{"0":{"loc":{"start":{"line":3,"column":12},"end":{"line":3,"column":null}},"type":"binary-expr","locations":[{"start":{"line":3,"column":12},"end":{"line":3,"column":25}},{"start":{"line":3,"column":25},"end":{"line":3,"column":null}}]},"1":{"loc":{"start":{"line":14,"column":12},"end":{"line":14,"column":null}},"type":"binary-expr","locations":[{"start":{"line":14,"column":12},"end":{"line":14,"column":24}},{"start":{"line":14,"column":24},"end":{"line":14,"column":null}}]}},"s":{"0":1,"1":1,"2":1,"3":1,"4":1,"5":1,"6":1,"7":1,"8":1,"9":1,"10":1,"11":1,"12":1},"f":{"0":1,"1":1},"b":{"0":[1,1],"1":[1,1]}}
,"/Users/wawawoom/Desktop/WORK/WAWAWOOM/website/libs/wui/src/components/WuiBadge/WuiBadge.tsx": {"path":"/Users/wawawoom/Desktop/WORK/WAWAWOOM/website/libs/wui/src/components/WuiBadge/WuiBadge.tsx","statementMap":{"0":{"start":{"line":1,"column":0},"end":{"line":1,"column":35}},"1":{"start":{"line":3,"column":0},"end":{"line":3,"column":40}},"2":{"start":{"line":4,"column":0},"end":{"line":4,"column":63}},"3":{"start":{"line":7,"column":13},"end":{"line":31,"column":2}},"4":{"start":{"line":18,"column":23},"end":{"line":22,"column":null}},"5":{"start":{"line":25,"column":4},"end":{"line":29,"column":6}},"6":{"start":{"line":33,"column":0},"end":{"line":33,"column":34}}},"fnMap":{"0":{"name":"(anonymous_0)","decl":{"start":{"line":8,"column":2},"end":{"line":8,"column":null}},"loc":{"start":{"line":17,"column":6},"end":{"line":30,"column":3}}}},"branchMap":{"0":{"loc":{"start":{"line":10,"column":6},"end":{"line":10,"column":37}},"type":"default-arg","locations":[{"start":{"line":10,"column":14},"end":{"line":10,"column":37}}]},"1":{"loc":{"start":{"line":11,"column":6},"end":{"line":11,"column":27}},"type":"default-arg","locations":[{"start":{"line":11,"column":13},"end":{"line":11,"column":27}}]},"2":{"loc":{"start":{"line":13,"column":6},"end":{"line":13,"column":20}},"type":"default-arg","locations":[{"start":{"line":13,"column":18},"end":{"line":13,"column":20}}]}},"s":{"0":1,"1":1,"2":1,"3":1,"4":3,"5":3,"6":1},"f":{"0":3},"b":{"0":[2],"1":[2],"2":[2]}}
,"/Users/wawawoom/Desktop/WORK/WAWAWOOM/website/libs/wui/src/components/WuiButton/WuiButton.props.tsx": {"path":"/Users/wawawoom/Desktop/WORK/WAWAWOOM/website/libs/wui/src/components/WuiButton/WuiButton.props.tsx","statementMap":{"0":{"start":{"line":3,"column":0},"end":{"line":3,"column":null}},"1":{"start":{"line":4,"column":2},"end":{"line":4,"column":null}},"2":{"start":{"line":5,"column":2},"end":{"line":5,"column":null}},"3":{"start":{"line":6,"column":2},"end":{"line":6,"column":null}},"4":{"start":{"line":7,"column":2},"end":{"line":7,"column":null}},"5":{"start":{"line":8,"column":2},"end":{"line":8,"column":null}},"6":{"start":{"line":9,"column":2},"end":{"line":9,"column":null}},"7":{"start":{"line":10,"column":2},"end":{"line":10,"column":null}},"8":{"start":{"line":13,"column":0},"end":{"line":13,"column":null}},"9":{"start":{"line":14,"column":2},"end":{"line":14,"column":null}},"10":{"start":{"line":15,"column":2},"end":{"line":15,"column":null}},"11":{"start":{"line":16,"column":2},"end":{"line":16,"column":null}}},"fnMap":{"0":{"name":"(anonymous_0)","decl":{"start":{"line":3,"column":0},"end":{"line":3,"column":12}},"loc":{"start":{"line":3,"column":26},"end":{"line":11,"column":1}}},"1":{"name":"(anonymous_1)","decl":{"start":{"line":13,"column":0},"end":{"line":13,"column":12}},"loc":{"start":{"line":13,"column":25},"end":{"line":17,"column":1}}}},"branchMap":{"0":{"loc":{"start":{"line":3,"column":12},"end":{"line":3,"column":null}},"type":"binary-expr","locations":[{"start":{"line":3,"column":12},"end":{"line":3,"column":26}},{"start":{"line":3,"column":26},"end":{"line":3,"column":null}}]},"1":{"loc":{"start":{"line":13,"column":12},"end":{"line":13,"column":null}},"type":"binary-expr","locations":[{"start":{"line":13,"column":12},"end":{"line":13,"column":25}},{"start":{"line":13,"column":25},"end":{"line":13,"column":null}}]}},"s":{"0":2,"1":2,"2":2,"3":2,"4":2,"5":2,"6":2,"7":2,"8":2,"9":2,"10":2,"11":2},"f":{"0":2,"1":2},"b":{"0":[2,2],"1":[2,2]}}
,"/Users/wawawoom/Desktop/WORK/WAWAWOOM/website/libs/wui/src/components/WuiButton/WuiButton.tsx": {"path":"/Users/wawawoom/Desktop/WORK/WAWAWOOM/website/libs/wui/src/components/WuiButton/WuiButton.tsx","statementMap":{"0":{"start":{"line":1,"column":0},"end":{"line":1,"column":35}},"1":{"start":{"line":3,"column":0},"end":{"line":3,"column":40}},"2":{"start":{"line":4,"column":0},"end":{"line":4,"column":66}},"3":{"start":{"line":7,"column":13},"end":{"line":39,"column":2}},"4":{"start":{"line":21,"column":23},"end":{"line":26,"column":null}},"5":{"start":{"line":29,"column":4},"end":{"line":37,"column":6}},"6":{"start":{"line":41,"column":0},"end":{"line":41,"column":36}}},"fnMap":{"0":{"name":"(anonymous_0)","decl":{"start":{"line":8,"column":2},"end":{"line":8,"column":null}},"loc":{"start":{"line":20,"column":6},"end":{"line":38,"column":3}}}},"branchMap":{"0":{"loc":{"start":{"line":10,"column":6},"end":{"line":10,"column":36}},"type":"default-arg","locations":[{"start":{"line":10,"column":14},"end":{"line":10,"column":36}}]},"1":{"loc":{"start":{"line":11,"column":6},"end":{"line":11,"column":28}},"type":"default-arg","locations":[{"start":{"line":11,"column":13},"end":{"line":11,"column":28}}]},"2":{"loc":{"start":{"line":12,"column":6},"end":{"line":12,"column":19}},"type":"default-arg","locations":[{"start":{"line":12,"column":14},"end":{"line":12,"column":19}}]},"3":{"loc":{"start":{"line":16,"column":6},"end":{"line":16,"column":20}},"type":"default-arg","locations":[{"start":{"line":16,"column":18},"end":{"line":16,"column":20}}]},"4":{"loc":{"start":{"line":25,"column":6},"end":{"line":25,"column":38}},"type":"cond-expr","locations":[{"start":{"line":25,"column":14},"end":{"line":25,"column":33}},{"start":{"line":25,"column":36},"end":{"line":25,"column":38}}]},"5":{"loc":{"start":{"line":31,"column":9},"end":{"line":31,"column":49}},"type":"binary-expr","locations":[{"start":{"line":31,"column":9},"end":{"line":31,"column":17}},{"start":{"line":31,"column":21},"end":{"line":31,"column":49}}]},"6":{"loc":{"start":{"line":35,"column":9},"end":{"line":35,"column":51}},"type":"binary-expr","locations":[{"start":{"line":35,"column":9},"end":{"line":35,"column":18}},{"start":{"line":35,"column":22},"end":{"line":35,"column":51}}]}},"s":{"0":2,"1":2,"2":2,"3":2,"4":36,"5":36,"6":2},"f":{"0":36},"b":{"0":[12],"1":[12],"2":[35],"3":[35],"4":[1,35],"5":[36,25],"6":[36,2]}}
,"/Users/wawawoom/Desktop/WORK/WAWAWOOM/website/libs/wui/src/components/WuiInput/WuiInput.props.ts": {"path":"/Users/wawawoom/Desktop/WORK/WAWAWOOM/website/libs/wui/src/components/WuiInput/WuiInput.props.ts","statementMap":{"0":{"start":{"line":5,"column":0},"end":{"line":5,"column":null}},"1":{"start":{"line":6,"column":2},"end":{"line":6,"column":null}},"2":{"start":{"line":7,"column":2},"end":{"line":7,"column":null}},"3":{"start":{"line":8,"column":2},"end":{"line":8,"column":null}},"4":{"start":{"line":11,"column":0},"end":{"line":11,"column":null}},"5":{"start":{"line":12,"column":2},"end":{"line":12,"column":null}},"6":{"start":{"line":13,"column":2},"end":{"line":13,"column":null}},"7":{"start":{"line":14,"column":2},"end":{"line":14,"column":null}}},"fnMap":{"0":{"name":"(anonymous_0)","decl":{"start":{"line":5,"column":0},"end":{"line":5,"column":12}},"loc":{"start":{"line":5,"column":26},"end":{"line":9,"column":1}}},"1":{"name":"(anonymous_1)","decl":{"start":{"line":11,"column":0},"end":{"line":11,"column":12}},"loc":{"start":{"line":11,"column":26},"end":{"line":15,"column":1}}}},"branchMap":{"0":{"loc":{"start":{"line":5,"column":12},"end":{"line":5,"column":null}},"type":"binary-expr","locations":[{"start":{"line":5,"column":12},"end":{"line":5,"column":26}},{"start":{"line":5,"column":26},"end":{"line":5,"column":null}}]},"1":{"loc":{"start":{"line":11,"column":12},"end":{"line":11,"column":null}},"type":"binary-expr","locations":[{"start":{"line":11,"column":12},"end":{"line":11,"column":26}},{"start":{"line":11,"column":26},"end":{"line":11,"column":null}}]}},"s":{"0":1,"1":1,"2":1,"3":1,"4":1,"5":1,"6":1,"7":1},"f":{"0":1,"1":1},"b":{"0":[1,1],"1":[1,1]}}
,"/Users/wawawoom/Desktop/WORK/WAWAWOOM/website/libs/wui/src/components/WuiInput/WuiInput.tsx": {"path":"/Users/wawawoom/Desktop/WORK/WAWAWOOM/website/libs/wui/src/components/WuiInput/WuiInput.tsx","statementMap":{"0":{"start":{"line":1,"column":0},"end":{"line":1,"column":52}},"1":{"start":{"line":3,"column":0},"end":{"line":3,"column":40}},"2":{"start":{"line":4,"column":0},"end":{"line":4,"column":66}},"3":{"start":{"line":5,"column":0},"end":{"line":5,"column":66}},"4":{"start":{"line":8,"column":13},"end":{"line":122,"column":2}},"5":{"start":{"line":22,"column":26},"end":{"line":22,"column":37}},"6":{"start":{"line":23,"column":24},"end":{"line":23,"column":31}},"7":{"start":{"line":24,"column":20},"end":{"line":24,"column":63}},"8":{"start":{"line":26,"column":23},"end":{"line":26,"column":42}},"9":{"start":{"line":27,"column":23},"end":{"line":27,"column":42}},"10":{"start":{"line":28,"column":20},"end":{"line":28,"column":36}},"11":{"start":{"line":29,"column":21},"end":{"line":29,"column":42}},"12":{"start":{"line":30,"column":44},"end":{"line":30,"column":59}},"13":{"start":{"line":31,"column":22},"end":{"line":31,"column":64}},"14":{"start":{"line":33,"column":23},"end":{"line":40,"column":null}},"15":{"start":{"line":43,"column":28},"end":{"line":45,"column":null}},"16":{"start":{"line":48,"column":4},"end":{"line":120,"column":6}},"17":{"start":{"line":84,"column":31},"end":{"line":84,"column":63}},"18":{"start":{"line":84,"column":57},"end":{"line":84,"column":62}},"19":{"start":{"line":111,"column":14},"end":{"line":112,"column":null}},"20":{"start":{"line":124,"column":0},"end":{"line":124,"column":34}}},"fnMap":{"0":{"name":"(anonymous_0)","decl":{"start":{"line":9,"column":2},"end":{"line":9,"column":null}},"loc":{"start":{"line":21,"column":6},"end":{"line":121,"column":3}}},"1":{"name":"(anonymous_1)","decl":{"start":{"line":84,"column":25},"end":{"line":84,"column":28}},"loc":{"start":{"line":84,"column":31},"end":{"line":84,"column":63}}},"2":{"name":"(anonymous_2)","decl":{"start":{"line":84,"column":47},"end":{"line":84,"column":48}},"loc":{"start":{"line":84,"column":57},"end":{"line":84,"column":62}}},"3":{"name":"(anonymous_3)","decl":{"start":{"line":110,"column":25},"end":{"line":110,"column":26}},"loc":{"start":{"line":111,"column":14},"end":{"line":112,"column":null}}}},"branchMap":{"0":{"loc":{"start":{"line":11,"column":6},"end":{"line":11,"column":31}},"type":"default-arg","locations":[{"start":{"line":11,"column":15},"end":{"line":11,"column":31}}]},"1":{"loc":{"start":{"line":12,"column":6},"end":{"line":12,"column":37}},"type":"default-arg","locations":[{"start":{"line":12,"column":15},"end":{"line":12,"column":37}}]},"2":{"loc":{"start":{"line":14,"column":6},"end":{"line":14,"column":19}},"type":"default-arg","locations":[{"start":{"line":14,"column":13},"end":{"line":14,"column":19}}]},"3":{"loc":{"start":{"line":15,"column":6},"end":{"line":15,"column":20}},"type":"default-arg","locations":[{"start":{"line":15,"column":18},"end":{"line":15,"column":20}}]},"4":{"loc":{"start":{"line":17,"column":6},"end":{"line":17,"column":18}},"type":"default-arg","locations":[{"start":{"line":17,"column":16},"end":{"line":17,"column":18}}]},"5":{"loc":{"start":{"line":24,"column":20},"end":{"line":24,"column":63}},"type":"binary-expr","locations":[{"start":{"line":24,"column":20},"end":{"line":24,"column":26}},{"start":{"line":24,"column":31},"end":{"line":24,"column":62}}]},"6":{"loc":{"start":{"line":24,"column":31},"end":{"line":24,"column":62}},"type":"cond-expr","locations":[{"start":{"line":24,"column":39},"end":{"line":24,"column":50}},{"start":{"line":24,"column":53},"end":{"line":24,"column":62}}]},"7":{"loc":{"start":{"line":29,"column":21},"end":{"line":29,"column":42}},"type":"binary-expr","locations":[{"start":{"line":29,"column":21},"end":{"line":29,"column":31}},{"start":{"line":29,"column":35},"end":{"line":29,"column":42}}]},"8":{"loc":{"start":{"line":31,"column":22},"end":{"line":31,"column":64}},"type":"cond-expr","locations":[{"start":{"line":31,"column":51},"end":{"line":31,"column":57}},{"start":{"line":31,"column":60},"end":{"line":31,"column":64}}]},"9":{"loc":{"start":{"line":31,"column":22},"end":{"line":31,"column":48}},"type":"binary-expr","locations":[{"start":{"line":31,"column":22},"end":{"line":31,"column":32}},{"start":{"line":31,"column":36},"end":{"line":31,"column":48}}]},"10":{"loc":{"start":{"line":37,"column":6},"end":{"line":37,"column":55}},"type":"cond-expr","locations":[{"start":{"line":37,"column":19},"end":{"line":37,"column":50}},{"start":{"line":37,"column":53},"end":{"line":37,"column":55}}]},"11":{"loc":{"start":{"line":38,"column":6},"end":{"line":38,"column":52}},"type":"cond-expr","locations":[{"start":{"line":38,"column":19},"end":{"line":38,"column":47}},{"start":{"line":38,"column":50},"end":{"line":38,"column":52}}]},"12":{"loc":{"start":{"line":39,"column":6},"end":{"line":39,"column":46}},"type":"cond-expr","locations":[{"start":{"line":39,"column":16},"end":{"line":39,"column":41}},{"start":{"line":39,"column":44},"end":{"line":39,"column":46}}]},"13":{"loc":{"start":{"line":45,"column":6},"end":{"line":45,"column":47}},"type":"cond-expr","locations":[{"start":{"line":45,"column":17},"end":{"line":45,"column":42}},{"start":{"line":45,"column":45},"end":{"line":45,"column":47}}]},"14":{"loc":{"start":{"line":50,"column":9},"end":{"line":60,"column":null}},"type":"binary-expr","locations":[{"start":{"line":50,"column":9},"end":{"line":50,"column":17}},{"start":{"line":51,"column":10},"end":{"line":59,"column":null}}]},"15":{"loc":{"start":{"line":57,"column":28},"end":{"line":57,"column":78}},"type":"cond-expr","locations":[{"start":{"line":57,"column":62},"end":{"line":57,"column":66}},{"start":{"line":57,"column":69},"end":{"line":57,"column":78}}]},"16":{"loc":{"start":{"line":63,"column":9},"end":{"line":66,"column":null}},"type":"binary-expr","locations":[{"start":{"line":63,"column":9},"end":{"line":63,"column":14}},{"start":{"line":64,"column":10},"end":{"line":65,"column":null}}]},"17":{"loc":{"start":{"line":69,"column":9},"end":{"line":105,"column":null}},"type":"binary-expr","locations":[{"start":{"line":69,"column":9},"end":{"line":69,"column":18}},{"start":{"line":70,"column":10},"end":{"line":104,"column":null}}]},"18":{"loc":{"start":{"line":76,"column":28},"end":{"line":76,"column":78}},"type":"cond-expr","locations":[{"start":{"line":76,"column":62},"end":{"line":76,"column":66}},{"start":{"line":76,"column":69},"end":{"line":76,"column":78}}]},"19":{"loc":{"start":{"line":80,"column":13},"end":{"line":103,"column":null}},"type":"binary-expr","locations":[{"start":{"line":80,"column":13},"end":{"line":80,"column":23}},{"start":{"line":81,"column":14},"end":{"line":102,"column":null}}]},"20":{"loc":{"start":{"line":87,"column":18},"end":{"line":89,"column":48}},"type":"cond-expr","locations":[{"start":{"line":88,"column":22},"end":{"line":88,"column":47}},{"start":{"line":89,"column":22},"end":{"line":89,"column":48}}]},"21":{"loc":{"start":{"line":92,"column":18},"end":{"line":94,"column":48}},"type":"cond-expr","locations":[{"start":{"line":93,"column":22},"end":{"line":93,"column":47}},{"start":{"line":94,"column":22},"end":{"line":94,"column":48}}]},"22":{"loc":{"start":{"line":99,"column":20},"end":{"line":99,"column":78}},"type":"cond-expr","locations":[{"start":{"line":99,"column":35},"end":{"line":99,"column":58}},{"start":{"line":99,"column":61},"end":{"line":99,"column":78}}]},"23":{"loc":{"start":{"line":108,"column":9},"end":{"line":117,"column":null}},"type":"binary-expr","locations":[{"start":{"line":108,"column":9},"end":{"line":108,"column":27}},{"start":{"line":109,"column":10},"end":{"line":116,"column":null}}]}},"s":{"0":1,"1":1,"2":1,"3":1,"4":1,"5":17,"6":17,"7":17,"8":17,"9":17,"10":17,"11":17,"12":17,"13":17,"14":17,"15":17,"16":17,"17":0,"18":0,"19":5,"20":1},"f":{"0":17,"1":0,"2":0,"3":5},"b":{"0":[16],"1":[16],"2":[16],"3":[16],"4":[12],"5":[17,16],"6":[3,13],"7":[17,17],"8":[0,17],"9":[17,0],"10":[0,17],"11":[0,17],"12":[0,17],"13":[0,17],"14":[17,0],"15":[0,0],"16":[17,4],"17":[17,17],"18":[1,16],"19":[17,0],"20":[0,0],"21":[0,0],"22":[0,0],"23":[17,4]}}
,"/Users/wawawoom/Desktop/WORK/WAWAWOOM/website/libs/wui/src/components/WuiInputHelper/WuiInputHelper.props.ts": {"path":"/Users/wawawoom/Desktop/WORK/WAWAWOOM/website/libs/wui/src/components/WuiInputHelper/WuiInputHelper.props.ts","statementMap":{"0":{"start":{"line":3,"column":0},"end":{"line":3,"column":null}},"1":{"start":{"line":4,"column":2},"end":{"line":4,"column":null}},"2":{"start":{"line":5,"column":2},"end":{"line":5,"column":null}},"3":{"start":{"line":6,"column":2},"end":{"line":6,"column":null}}},"fnMap":{"0":{"name":"(anonymous_0)","decl":{"start":{"line":3,"column":0},"end":{"line":3,"column":12}},"loc":{"start":{"line":3,"column":32},"end":{"line":7,"column":1}}}},"branchMap":{"0":{"loc":{"start":{"line":3,"column":12},"end":{"line":3,"column":null}},"type":"binary-expr","locations":[{"start":{"line":3,"column":12},"end":{"line":3,"column":32}},{"start":{"line":3,"column":32},"end":{"line":3,"column":null}}]}},"s":{"0":4,"1":4,"2":4,"3":4},"f":{"0":4},"b":{"0":[4,4]}}
,"/Users/wawawoom/Desktop/WORK/WAWAWOOM/website/libs/wui/src/components/WuiInputHelper/WuiInputHelper.tsx": {"path":"/Users/wawawoom/Desktop/WORK/WAWAWOOM/website/libs/wui/src/components/WuiInputHelper/WuiInputHelper.tsx","statementMap":{"0":{"start":{"line":1,"column":0},"end":{"line":1,"column":35}},"1":{"start":{"line":3,"column":0},"end":{"line":3,"column":40}},"2":{"start":{"line":4,"column":0},"end":{"line":4,"column":62}},"3":{"start":{"line":7,"column":59},"end":{"line":11,"column":2}},"4":{"start":{"line":13,"column":13},"end":{"line":42,"column":2}},"5":{"start":{"line":23,"column":26},"end":{"line":23,"column":44}},"6":{"start":{"line":24,"column":22},"end":{"line":24,"column":42}},"7":{"start":{"line":26,"column":23},"end":{"line":29,"column":null}},"8":{"start":{"line":32,"column":4},"end":{"line":40,"column":6}},"9":{"start":{"line":44,"column":0},"end":{"line":44,"column":46}}},"fnMap":{"0":{"name":"(anonymous_0)","decl":{"start":{"line":14,"column":2},"end":{"line":14,"column":null}},"loc":{"start":{"line":22,"column":6},"end":{"line":41,"column":3}}}},"branchMap":{"0":{"loc":{"start":{"line":16,"column":6},"end":{"line":16,"column":43}},"type":"default-arg","locations":[{"start":{"line":16,"column":15},"end":{"line":16,"column":43}}]},"1":{"loc":{"start":{"line":18,"column":6},"end":{"line":18,"column":20}},"type":"default-arg","locations":[{"start":{"line":18,"column":18},"end":{"line":18,"column":20}}]}},"s":{"0":4,"1":4,"2":4,"3":4,"4":4,"5":20,"6":20,"7":20,"8":20,"9":4},"f":{"0":20},"b":{"0":[10],"1":[19]}}
,"/Users/wawawoom/Desktop/WORK/WAWAWOOM/website/libs/wui/src/components/WuiLink/WuiLink.props.tsx": {"path":"/Users/wawawoom/Desktop/WORK/WAWAWOOM/website/libs/wui/src/components/WuiLink/WuiLink.props.tsx","statementMap":{"0":{"start":{"line":3,"column":0},"end":{"line":3,"column":null}},"1":{"start":{"line":4,"column":2},"end":{"line":4,"column":null}},"2":{"start":{"line":5,"column":2},"end":{"line":5,"column":null}},"3":{"start":{"line":6,"column":2},"end":{"line":6,"column":null}},"4":{"start":{"line":7,"column":2},"end":{"line":7,"column":null}},"5":{"start":{"line":8,"column":2},"end":{"line":8,"column":null}},"6":{"start":{"line":9,"column":2},"end":{"line":9,"column":null}},"7":{"start":{"line":10,"column":2},"end":{"line":10,"column":null}},"8":{"start":{"line":11,"column":2},"end":{"line":11,"column":null}},"9":{"start":{"line":14,"column":0},"end":{"line":14,"column":null}},"10":{"start":{"line":15,"column":2},"end":{"line":15,"column":null}},"11":{"start":{"line":16,"column":2},"end":{"line":16,"column":null}},"12":{"start":{"line":17,"column":2},"end":{"line":17,"column":null}}},"fnMap":{"0":{"name":"(anonymous_0)","decl":{"start":{"line":3,"column":0},"end":{"line":3,"column":12}},"loc":{"start":{"line":3,"column":24},"end":{"line":12,"column":1}}},"1":{"name":"(anonymous_1)","decl":{"start":{"line":14,"column":0},"end":{"line":14,"column":12}},"loc":{"start":{"line":14,"column":23},"end":{"line":18,"column":1}}}},"branchMap":{"0":{"loc":{"start":{"line":3,"column":12},"end":{"line":3,"column":null}},"type":"binary-expr","locations":[{"start":{"line":3,"column":12},"end":{"line":3,"column":24}},{"start":{"line":3,"column":24},"end":{"line":3,"column":null}}]},"1":{"loc":{"start":{"line":14,"column":12},"end":{"line":14,"column":null}},"type":"binary-expr","locations":[{"start":{"line":14,"column":12},"end":{"line":14,"column":23}},{"start":{"line":14,"column":23},"end":{"line":14,"column":null}}]}},"s":{"0":1,"1":1,"2":1,"3":1,"4":1,"5":1,"6":1,"7":1,"8":1,"9":1,"10":1,"11":1,"12":1},"f":{"0":1,"1":1},"b":{"0":[1,1],"1":[1,1]}}
,"/Users/wawawoom/Desktop/WORK/WAWAWOOM/website/libs/wui/src/components/WuiLink/WuiLink.tsx": {"path":"/Users/wawawoom/Desktop/WORK/WAWAWOOM/website/libs/wui/src/components/WuiLink/WuiLink.tsx","statementMap":{"0":{"start":{"line":1,"column":0},"end":{"line":1,"column":35}},"1":{"start":{"line":3,"column":0},"end":{"line":3,"column":40}},"2":{"start":{"line":4,"column":0},"end":{"line":4,"column":79}},"3":{"start":{"line":6,"column":13},"end":{"line":21,"column":2}},"4":{"start":{"line":8,"column":23},"end":{"line":16,"column":null}},"5":{"start":{"line":19,"column":4},"end":{"line":19,"column":61}},"6":{"start":{"line":23,"column":0},"end":{"line":23,"column":32}}},"fnMap":{"0":{"name":"(anonymous_0)","decl":{"start":{"line":7,"column":2},"end":{"line":7,"column":3}},"loc":{"start":{"line":7,"column":73},"end":{"line":20,"column":3}}}},"branchMap":{"0":{"loc":{"start":{"line":7,"column":5},"end":{"line":7,"column":30}},"type":"default-arg","locations":[{"start":{"line":7,"column":13},"end":{"line":7,"column":30}}]},"1":{"loc":{"start":{"line":7,"column":38},"end":{"line":7,"column":52}},"type":"default-arg","locations":[{"start":{"line":7,"column":50},"end":{"line":7,"column":52}}]},"2":{"loc":{"start":{"line":11,"column":6},"end":{"line":15,"column":14}},"type":"cond-expr","locations":[{"start":{"line":12,"column":10},"end":{"line":12,"column":29}},{"start":{"line":13,"column":10},"end":{"line":15,"column":14}}]},"3":{"loc":{"start":{"line":13,"column":10},"end":{"line":15,"column":14}},"type":"cond-expr","locations":[{"start":{"line":14,"column":12},"end":{"line":14,"column":40}},{"start":{"line":15,"column":12},"end":{"line":15,"column":14}}]},"4":{"loc":{"start":{"line":13,"column":10},"end":{"line":13,"column":55}},"type":"binary-expr","locations":[{"start":{"line":13,"column":10},"end":{"line":13,"column":37}},{"start":{"line":13,"column":41},"end":{"line":13,"column":55}}]}},"s":{"0":1,"1":1,"2":1,"3":1,"4":4,"5":4,"6":1},"f":{"0":4},"b":{"0":[2],"1":[3],"2":[1,3],"3":[1,2],"4":[3,1]}}
,"/Users/wawawoom/Desktop/WORK/WAWAWOOM/website/libs/wui/src/components/WuiModal/WuiModal.props.ts": {"path":"/Users/wawawoom/Desktop/WORK/WAWAWOOM/website/libs/wui/src/components/WuiModal/WuiModal.props.ts","statementMap":{"0":{"start":{"line":4,"column":0},"end":{"line":4,"column":null}},"1":{"start":{"line":5,"column":2},"end":{"line":5,"column":null}},"2":{"start":{"line":6,"column":2},"end":{"line":6,"column":null}},"3":{"start":{"line":7,"column":2},"end":{"line":7,"column":null}}},"fnMap":{"0":{"name":"(anonymous_0)","decl":{"start":{"line":4,"column":0},"end":{"line":4,"column":12}},"loc":{"start":{"line":4,"column":25},"end":{"line":8,"column":1}}}},"branchMap":{"0":{"loc":{"start":{"line":4,"column":12},"end":{"line":4,"column":null}},"type":"binary-expr","locations":[{"start":{"line":4,"column":12},"end":{"line":4,"column":25}},{"start":{"line":4,"column":25},"end":{"line":4,"column":null}}]}},"s":{"0":1,"1":1,"2":1,"3":1},"f":{"0":1},"b":{"0":[1,1]}}
,"/Users/wawawoom/Desktop/WORK/WAWAWOOM/website/libs/wui/src/components/WuiModal/WuiModal.tsx": {"path":"/Users/wawawoom/Desktop/WORK/WAWAWOOM/website/libs/wui/src/components/WuiModal/WuiModal.tsx","statementMap":{"0":{"start":{"line":1,"column":0},"end":{"line":1,"column":64}},"1":{"start":{"line":3,"column":0},"end":{"line":3,"column":40}},"2":{"start":{"line":4,"column":0},"end":{"line":4,"column":72}},"3":{"start":{"line":5,"column":0},"end":{"line":5,"column":61}},"4":{"start":{"line":6,"column":0},"end":{"line":6,"column":69}},"5":{"start":{"line":8,"column":13},"end":{"line":192,"column":2}},"6":{"start":{"line":23,"column":21},"end":{"line":23,"column":52}},"7":{"start":{"line":24,"column":48},"end":{"line":24,"column":63}},"8":{"start":{"line":25,"column":25},"end":{"line":25,"column":38}},"9":{"start":{"line":27,"column":23},"end":{"line":31,"column":null}},"10":{"start":{"line":34,"column":4},"end":{"line":57,"column":15}},"11":{"start":{"line":35,"column":21},"end":{"line":35,"column":37}},"12":{"start":{"line":37,"column":6},"end":{"line":37,"column":26}},"13":{"start":{"line":37,"column":19},"end":{"line":37,"column":26}},"14":{"start":{"line":39,"column":6},"end":{"line":56,"column":7}},"15":{"start":{"line":40,"column":8},"end":{"line":40,"column":37}},"16":{"start":{"line":42,"column":8},"end":{"line":46,"column":9}},"17":{"start":{"line":43,"column":10},"end":{"line":43,"column":29}},"18":{"start":{"line":45,"column":11},"end":{"line":45,"column":72}},"19":{"start":{"line":48,"column":20},"end":{"line":50,"column":10}},"20":{"start":{"line":49,"column":10},"end":{"line":49,"column":63}},"21":{"start":{"line":49,"column":38},"end":{"line":49,"column":61}},"22":{"start":{"line":52,"column":8},"end":{"line":52,"column":47}},"23":{"start":{"line":52,"column":21},"end":{"line":52,"column":46}},"24":{"start":{"line":54,"column":8},"end":{"line":54,"column":33}},"25":{"start":{"line":55,"column":8},"end":{"line":55,"column":36}},"26":{"start":{"line":60,"column":4},"end":{"line":93,"column":18}},"27":{"start":{"line":61,"column":21},"end":{"line":61,"column":37}},"28":{"start":{"line":63,"column":6},"end":{"line":65,"column":7}},"29":{"start":{"line":64,"column":8},"end":{"line":64,"column":15}},"30":{"start":{"line":67,"column":26},"end":{"line":79,"column":7}},"31":{"start":{"line":68,"column":8},"end":{"line":70,"column":9}},"32":{"start":{"line":69,"column":10},"end":{"line":69,"column":17}},"33":{"start":{"line":72,"column":8},"end":{"line":72,"column":37}},"34":{"start":{"line":73,"column":8},"end":{"line":77,"column":9}},"35":{"start":{"line":74,"column":10},"end":{"line":74,"column":25}},"36":{"start":{"line":76,"column":11},"end":{"line":76,"column":73}},"37":{"start":{"line":78,"column":8},"end":{"line":78,"column":18}},"38":{"start":{"line":81,"column":34},"end":{"line":86,"column":7}},"39":{"start":{"line":82,"column":8},"end":{"line":82,"column":65}},"40":{"start":{"line":82,"column":58},"end":{"line":82,"column":65}},"41":{"start":{"line":83,"column":8},"end":{"line":84,"column":17}},"42":{"start":{"line":84,"column":10},"end":{"line":84,"column":17}},"43":{"start":{"line":85,"column":8},"end":{"line":85,"column":22}},"44":{"start":{"line":88,"column":6},"end":{"line":88,"column":68}},"45":{"start":{"line":90,"column":6},"end":{"line":92,"column":8}},"46":{"start":{"line":91,"column":8},"end":{"line":91,"column":80}},"47":{"start":{"line":96,"column":4},"end":{"line":110,"column":11}},"48":{"start":{"line":97,"column":21},"end":{"line":97,"column":37}},"49":{"start":{"line":98,"column":6},"end":{"line":98,"column":26}},"50":{"start":{"line":98,"column":19},"end":{"line":98,"column":26}},"51":{"start":{"line":100,"column":27},"end":{"line":106,"column":7}},"52":{"start":{"line":101,"column":8},"end":{"line":101,"column":27}},"53":{"start":{"line":102,"column":8},"end":{"line":105,"column":9}},"54":{"start":{"line":103,"column":10},"end":{"line":103,"column":38}},"55":{"start":{"line":104,"column":10},"end":{"line":104,"column":35}},"56":{"start":{"line":108,"column":6},"end":{"line":108,"column":54}},"57":{"start":{"line":109,"column":6},"end":{"line":109,"column":70}},"58":{"start":{"line":109,"column":19},"end":{"line":109,"column":69}},"59":{"start":{"line":113,"column":4},"end":{"line":125,"column":18}},"60":{"start":{"line":114,"column":21},"end":{"line":114,"column":37}},"61":{"start":{"line":118,"column":26},"end":{"line":121,"column":7}},"62":{"start":{"line":119,"column":8},"end":{"line":119,"column":41}},"63":{"start":{"line":119,"column":34},"end":{"line":119,"column":41}},"64":{"start":{"line":120,"column":8},"end":{"line":120,"column":18}},"65":{"start":{"line":123,"column":6},"end":{"line":123,"column":52}},"66":{"start":{"line":124,"column":6},"end":{"line":124,"column":68}},"67":{"start":{"line":124,"column":19},"end":{"line":124,"column":67}},"68":{"start":{"line":127,"column":19},"end":{"line":135,"column":5}},"69":{"start":{"line":128,"column":6},"end":{"line":128,"column":30}},"70":{"start":{"line":129,"column":6},"end":{"line":134,"column":7}},"71":{"start":{"line":130,"column":8},"end":{"line":130,"column":18}},"72":{"start":{"line":131,"column":13},"end":{"line":134,"column":7}},"73":{"start":{"line":132,"column":9},"end":{"line":133,"column":15}},"74":{"start":{"line":137,"column":29},"end":{"line":142,"column":5}},"75":{"start":{"line":138,"column":6},"end":{"line":141,"column":7}},"76":{"start":{"line":139,"column":8},"end":{"line":139,"column":36}},"77":{"start":{"line":140,"column":8},"end":{"line":140,"column":33}},"78":{"start":{"line":144,"column":30},"end":{"line":146,"column":5}},"79":{"start":{"line":145,"column":6},"end":{"line":145,"column":26}},"80":{"start":{"line":148,"column":4},"end":{"line":190,"column":6}},"81":{"start":{"line":194,"column":0},"end":{"line":194,"column":34}}},"fnMap":{"0":{"name":"(anonymous_0)","decl":{"start":{"line":9,"column":2},"end":{"line":9,"column":null}},"loc":{"start":{"line":22,"column":6},"end":{"line":191,"column":3}}},"1":{"name":"(anonymous_1)","decl":{"start":{"line":34,"column":14},"end":{"line":34,"column":17}},"loc":{"start":{"line":34,"column":19},"end":{"line":57,"column":5}}},"2":{"name":"(anonymous_2)","decl":{"start":{"line":48,"column":42},"end":{"line":48,"column":45}},"loc":{"start":{"line":48,"column":47},"end":{"line":50,"column":9}}},"3":{"name":"(anonymous_3)","decl":{"start":{"line":49,"column":32},"end":{"line":49,"column":35}},"loc":{"start":{"line":49,"column":38},"end":{"line":49,"column":61}}},"4":{"name":"(anonymous_4)","decl":{"start":{"line":52,"column":15},"end":{"line":52,"column":18}},"loc":{"start":{"line":52,"column":21},"end":{"line":52,"column":46}}},"5":{"name":"(anonymous_5)","decl":{"start":{"line":60,"column":14},"end":{"line":60,"column":17}},"loc":{"start":{"line":60,"column":19},"end":{"line":93,"column":5}}},"6":{"name":"(anonymous_6)","decl":{"start":{"line":67,"column":26},"end":{"line":67,"column":29}},"loc":{"start":{"line":67,"column":31},"end":{"line":79,"column":7}}},"7":{"name":"(anonymous_7)","decl":{"start":{"line":81,"column":34},"end":{"line":81,"column":35}},"loc":{"start":{"line":81,"column":57},"end":{"line":86,"column":7}}},"8":{"name":"(anonymous_8)","decl":{"start":{"line":90,"column":13},"end":{"line":90,"column":16}},"loc":{"start":{"line":90,"column":18},"end":{"line":92,"column":7}}},"9":{"name":"(anonymous_9)","decl":{"start":{"line":96,"column":14},"end":{"line":96,"column":17}},"loc":{"start":{"line":96,"column":19},"end":{"line":110,"column":5}}},"10":{"name":"(anonymous_10)","decl":{"start":{"line":100,"column":27},"end":{"line":100,"column":28}},"loc":{"start":{"line":100,"column":40},"end":{"line":106,"column":7}}},"11":{"name":"(anonymous_11)","decl":{"start":{"line":109,"column":13},"end":{"line":109,"column":16}},"loc":{"start":{"line":109,"column":19},"end":{"line":109,"column":69}}},"12":{"name":"(anonymous_12)","decl":{"start":{"line":113,"column":14},"end":{"line":113,"column":17}},"loc":{"start":{"line":113,"column":19},"end":{"line":125,"column":5}}},"13":{"name":"(anonymous_13)","decl":{"start":{"line":118,"column":26},"end":{"line":118,"column":29}},"loc":{"start":{"line":118,"column":31},"end":{"line":121,"column":7}}},"14":{"name":"(anonymous_14)","decl":{"start":{"line":124,"column":13},"end":{"line":124,"column":16}},"loc":{"start":{"line":124,"column":19},"end":{"line":124,"column":67}}},"15":{"name":"(anonymous_15)","decl":{"start":{"line":127,"column":19},"end":{"line":127,"column":20}},"loc":{"start":{"line":127,"column":54},"end":{"line":135,"column":5}}},"16":{"name":"(anonymous_16)","decl":{"start":{"line":137,"column":29},"end":{"line":137,"column":32}},"loc":{"start":{"line":137,"column":34},"end":{"line":142,"column":5}}},"17":{"name":"(anonymous_17)","decl":{"start":{"line":144,"column":30},"end":{"line":144,"column":31}},"loc":{"start":{"line":144,"column":73},"end":{"line":146,"column":5}}}},"branchMap":{"0":{"loc":{"start":{"line":16,"column":6},"end":{"line":16,"column":27}},"type":"default-arg","locations":[{"start":{"line":16,"column":22},"end":{"line":16,"column":27}}]},"1":{"loc":{"start":{"line":17,"column":6},"end":{"line":17,"column":29}},"type":"default-arg","locations":[{"start":{"line":17,"column":14},"end":{"line":17,"column":29}}]},"2":{"loc":{"start":{"line":18,"column":6},"end":{"line":18,"column":20}},"type":"default-arg","locations":[{"start":{"line":18,"column":18},"end":{"line":18,"column":20}}]},"3":{"loc":{"start":{"line":29,"column":6},"end":{"line":29,"column":41}},"type":"binary-expr","locations":[{"start":{"line":29,"column":6},"end":{"line":29,"column":20}},{"start":{"line":29,"column":24},"end":{"line":29,"column":41}}]},"4":{"loc":{"start":{"line":30,"column":6},"end":{"line":30,"column":62}},"type":"binary-expr","locations":[{"start":{"line":30,"column":6},"end":{"line":30,"column":31}},{"start":{"line":30,"column":35},"end":{"line":30,"column":62}}]},"5":{"loc":{"start":{"line":37,"column":6},"end":{"line":37,"column":26}},"type":"if","locations":[{"start":{"line":37,"column":6},"end":{"line":37,"column":26}}]},"6":{"loc":{"start":{"line":39,"column":6},"end":{"line":56,"column":7}},"type":"if","locations":[{"start":{"line":39,"column":6},"end":{"line":56,"column":7}},{"start":{"line":53,"column":13},"end":{"line":56,"column":7}}]},"7":{"loc":{"start":{"line":42,"column":8},"end":{"line":46,"column":9}},"type":"if","locations":[{"start":{"line":42,"column":8},"end":{"line":46,"column":9}},{"start":{"line":44,"column":15},"end":{"line":46,"column":9}}]},"8":{"loc":{"start":{"line":63,"column":6},"end":{"line":65,"column":7}},"type":"if","locations":[{"start":{"line":63,"column":6},"end":{"line":65,"column":7}}]},"9":{"loc":{"start":{"line":68,"column":8},"end":{"line":70,"column":9}},"type":"if","locations":[{"start":{"line":68,"column":8},"end":{"line":70,"column":9}}]},"10":{"loc":{"start":{"line":73,"column":8},"end":{"line":77,"column":9}},"type":"if","locations":[{"start":{"line":73,"column":8},"end":{"line":77,"column":9}},{"start":{"line":75,"column":15},"end":{"line":77,"column":9}}]},"11":{"loc":{"start":{"line":82,"column":8},"end":{"line":82,"column":65}},"type":"if","locations":[{"start":{"line":82,"column":8},"end":{"line":82,"column":65}}]},"12":{"loc":{"start":{"line":82,"column":12},"end":{"line":82,"column":56}},"type":"binary-expr","locations":[{"start":{"line":82,"column":12},"end":{"line":82,"column":31}},{"start":{"line":82,"column":35},"end":{"line":82,"column":56}}]},"13":{"loc":{"start":{"line":83,"column":8},"end":{"line":84,"column":17}},"type":"if","locations":[{"start":{"line":83,"column":8},"end":{"line":84,"column":17}}]},"14":{"loc":{"start":{"line":83,"column":12},"end":{"line":83,"column":74}},"type":"binary-expr","locations":[{"start":{"line":83,"column":12},"end":{"line":83,"column":42}},{"start":{"line":83,"column":46},"end":{"line":83,"column":74}}]},"15":{"loc":{"start":{"line":98,"column":6},"end":{"line":98,"column":26}},"type":"if","locations":[{"start":{"line":98,"column":6},"end":{"line":98,"column":26}}]},"16":{"loc":{"start":{"line":102,"column":8},"end":{"line":105,"column":9}},"type":"if","locations":[{"start":{"line":102,"column":8},"end":{"line":105,"column":9}}]},"17":{"loc":{"start":{"line":119,"column":8},"end":{"line":119,"column":41}},"type":"if","locations":[{"start":{"line":119,"column":8},"end":{"line":119,"column":41}}]},"18":{"loc":{"start":{"line":129,"column":6},"end":{"line":134,"column":7}},"type":"if","locations":[{"start":{"line":129,"column":6},"end":{"line":134,"column":7}},{"start":{"line":131,"column":13},"end":{"line":134,"column":7}}]},"19":{"loc":{"start":{"line":131,"column":13},"end":{"line":134,"column":7}},"type":"if","locations":[{"start":{"line":131,"column":13},"end":{"line":134,"column":7}}]},"20":{"loc":{"start":{"line":138,"column":6},"end":{"line":141,"column":7}},"type":"if","locations":[{"start":{"line":138,"column":6},"end":{"line":141,"column":7}}]},"21":{"loc":{"start":{"line":157,"column":13},"end":{"line":164,"column":null}},"type":"binary-expr","locations":[{"start":{"line":157,"column":13},"end":{"line":157,"column":26}},{"start":{"line":158,"column":14},"end":{"line":163,"column":null}}]},"22":{"loc":{"start":{"line":179,"column":14},"end":{"line":179,"column":60}},"type":"binary-expr","locations":[{"start":{"line":179,"column":14},"end":{"line":179,"column":27}},{"start":{"line":179,"column":31},"end":{"line":179,"column":60}}]},"23":{"loc":{"start":{"line":185,"column":11},"end":{"line":186,"column":null}},"type":"binary-expr","locations":[{"start":{"line":185,"column":11},"end":{"line":185,"column":25}},{"start":{"line":186,"column":12},"end":{"line":186,"column":67}}]}},"s":{"0":1,"1":1,"2":1,"3":1,"4":1,"5":1,"6":23,"7":23,"8":23,"9":23,"10":23,"11":11,"12":11,"13":0,"14":11,"15":8,"16":8,"17":8,"18":0,"19":8,"20":8,"21":8,"22":8,"23":8,"24":3,"25":3,"26":23,"27":10,"28":10,"29":0,"30":10,"31":3,"32":0,"33":3,"34":3,"35":3,"36":0,"37":3,"38":10,"39":5,"40":1,"41":4,"42":1,"43":3,"44":10,"45":10,"46":10,"47":23,"48":10,"49":10,"50":0,"51":10,"52":2,"53":2,"54":1,"55":1,"56":10,"57":10,"58":10,"59":23,"60":10,"61":10,"62":2,"63":1,"64":1,"65":10,"66":10,"67":10,"68":23,"69":46,"70":46,"71":2,"72":44,"73":2,"74":23,"75":3,"76":2,"77":2,"78":23,"79":3,"80":23,"81":1},"f":{"0":23,"1":11,"2":8,"3":8,"4":8,"5":10,"6":3,"7":5,"8":10,"9":10,"10":2,"11":10,"12":10,"13":2,"14":10,"15":46,"16":3,"17":3},"b":{"0":[19],"1":[23],"2":[23],"3":[23,9],"4":[23,0],"5":[0],"6":[8,3],"7":[8,0],"8":[0],"9":[0],"10":[3,0],"11":[1],"12":[5,5],"13":[1],"14":[4,3],"15":[0],"16":[1],"17":[1],"18":[2,44],"19":[2],"20":[2],"21":[23,5],"22":[23,2],"23":[23,2]}}
,"/Users/wawawoom/Desktop/WORK/WAWAWOOM/website/libs/wui/src/components/WuiSelect/WuiSelect.props.ts": {"path":"/Users/wawawoom/Desktop/WORK/WAWAWOOM/website/libs/wui/src/components/WuiSelect/WuiSelect.props.ts","statementMap":{"0":{"start":{"line":5,"column":0},"end":{"line":5,"column":null}},"1":{"start":{"line":6,"column":2},"end":{"line":6,"column":null}},"2":{"start":{"line":7,"column":2},"end":{"line":7,"column":null}},"3":{"start":{"line":8,"column":2},"end":{"line":8,"column":null}},"4":{"start":{"line":11,"column":0},"end":{"line":11,"column":null}},"5":{"start":{"line":12,"column":2},"end":{"line":12,"column":null}},"6":{"start":{"line":13,"column":2},"end":{"line":13,"column":null}},"7":{"start":{"line":14,"column":2},"end":{"line":14,"column":null}}},"fnMap":{"0":{"name":"(anonymous_0)","decl":{"start":{"line":5,"column":0},"end":{"line":5,"column":12}},"loc":{"start":{"line":5,"column":27},"end":{"line":9,"column":1}}},"1":{"name":"(anonymous_1)","decl":{"start":{"line":11,"column":0},"end":{"line":11,"column":12}},"loc":{"start":{"line":11,"column":27},"end":{"line":15,"column":1}}}},"branchMap":{"0":{"loc":{"start":{"line":5,"column":12},"end":{"line":5,"column":null}},"type":"binary-expr","locations":[{"start":{"line":5,"column":12},"end":{"line":5,"column":27}},{"start":{"line":5,"column":27},"end":{"line":5,"column":null}}]},"1":{"loc":{"start":{"line":11,"column":12},"end":{"line":11,"column":null}},"type":"binary-expr","locations":[{"start":{"line":11,"column":12},"end":{"line":11,"column":27}},{"start":{"line":11,"column":27},"end":{"line":11,"column":null}}]}},"s":{"0":1,"1":1,"2":1,"3":1,"4":1,"5":1,"6":1,"7":1},"f":{"0":1,"1":1},"b":{"0":[1,1],"1":[1,1]}}
,"/Users/wawawoom/Desktop/WORK/WAWAWOOM/website/libs/wui/src/components/WuiSelect/WuiSelect.tsx": {"path":"/Users/wawawoom/Desktop/WORK/WAWAWOOM/website/libs/wui/src/components/WuiSelect/WuiSelect.tsx","statementMap":{"0":{"start":{"line":1,"column":0},"end":{"line":1,"column":42}},"1":{"start":{"line":3,"column":0},"end":{"line":3,"column":40}},"2":{"start":{"line":4,"column":0},"end":{"line":4,"column":66}},"3":{"start":{"line":5,"column":0},"end":{"line":5,"column":69}},"4":{"start":{"line":8,"column":13},"end":{"line":67,"column":2}},"5":{"start":{"line":22,"column":26},"end":{"line":22,"column":38}},"6":{"start":{"line":23,"column":24},"end":{"line":23,"column":31}},"7":{"start":{"line":24,"column":21},"end":{"line":24,"column":64}},"8":{"start":{"line":26,"column":23},"end":{"line":30,"column":null}},"9":{"start":{"line":33,"column":4},"end":{"line":65,"column":6}},"10":{"start":{"line":56,"column":14},"end":{"line":57,"column":null}},"11":{"start":{"line":69,"column":0},"end":{"line":69,"column":36}}},"fnMap":{"0":{"name":"(anonymous_0)","decl":{"start":{"line":9,"column":2},"end":{"line":9,"column":null}},"loc":{"start":{"line":21,"column":6},"end":{"line":66,"column":3}}},"1":{"name":"(anonymous_1)","decl":{"start":{"line":55,"column":25},"end":{"line":55,"column":26}},"loc":{"start":{"line":56,"column":14},"end":{"line":57,"column":null}}}},"branchMap":{"0":{"loc":{"start":{"line":11,"column":6},"end":{"line":11,"column":32}},"type":"default-arg","locations":[{"start":{"line":11,"column":15},"end":{"line":11,"column":32}}]},"1":{"loc":{"start":{"line":12,"column":6},"end":{"line":12,"column":38}},"type":"default-arg","locations":[{"start":{"line":12,"column":15},"end":{"line":12,"column":38}}]},"2":{"loc":{"start":{"line":14,"column":6},"end":{"line":14,"column":20}},"type":"default-arg","locations":[{"start":{"line":14,"column":18},"end":{"line":14,"column":20}}]},"3":{"loc":{"start":{"line":16,"column":6},"end":{"line":16,"column":18}},"type":"default-arg","locations":[{"start":{"line":16,"column":16},"end":{"line":16,"column":18}}]},"4":{"loc":{"start":{"line":24,"column":21},"end":{"line":24,"column":64}},"type":"binary-expr","locations":[{"start":{"line":24,"column":21},"end":{"line":24,"column":27}},{"start":{"line":24,"column":32},"end":{"line":24,"column":63}}]},"5":{"loc":{"start":{"line":24,"column":32},"end":{"line":24,"column":63}},"type":"cond-expr","locations":[{"start":{"line":24,"column":40},"end":{"line":24,"column":51}},{"start":{"line":24,"column":54},"end":{"line":24,"column":63}}]},"6":{"loc":{"start":{"line":35,"column":9},"end":{"line":38,"column":null}},"type":"binary-expr","locations":[{"start":{"line":35,"column":9},"end":{"line":35,"column":14}},{"start":{"line":36,"column":10},"end":{"line":37,"column":null}}]},"7":{"loc":{"start":{"line":46,"column":26},"end":{"line":46,"column":77}},"type":"cond-expr","locations":[{"start":{"line":46,"column":61},"end":{"line":46,"column":65}},{"start":{"line":46,"column":68},"end":{"line":46,"column":77}}]},"8":{"loc":{"start":{"line":53,"column":9},"end":{"line":62,"column":null}},"type":"binary-expr","locations":[{"start":{"line":53,"column":9},"end":{"line":53,"column":27}},{"start":{"line":54,"column":10},"end":{"line":61,"column":null}}]}},"s":{"0":1,"1":1,"2":1,"3":1,"4":1,"5":16,"6":16,"7":16,"8":16,"9":16,"10":5,"11":1},"f":{"0":16,"1":5},"b":{"0":[15],"1":[15],"2":[15],"3":[11],"4":[16,15],"5":[3,12],"6":[16,4],"7":[1,15],"8":[16,4]}}
,"/Users/wawawoom/Desktop/WORK/WAWAWOOM/website/libs/wui/src/components/WuiText/WuiText.props.ts": {"path":"/Users/wawawoom/Desktop/WORK/WAWAWOOM/website/libs/wui/src/components/WuiText/WuiText.props.ts","statementMap":{"0":{"start":{"line":10,"column":0},"end":{"line":10,"column":null}},"1":{"start":{"line":11,"column":2},"end":{"line":11,"column":null}},"2":{"start":{"line":12,"column":2},"end":{"line":12,"column":null}},"3":{"start":{"line":13,"column":2},"end":{"line":13,"column":null}},"4":{"start":{"line":16,"column":0},"end":{"line":16,"column":null}},"5":{"start":{"line":17,"column":2},"end":{"line":17,"column":null}},"6":{"start":{"line":18,"column":2},"end":{"line":18,"column":null}},"7":{"start":{"line":19,"column":2},"end":{"line":19,"column":null}},"8":{"start":{"line":20,"column":2},"end":{"line":20,"column":null}},"9":{"start":{"line":21,"column":2},"end":{"line":21,"column":null}},"10":{"start":{"line":22,"column":2},"end":{"line":22,"column":null}},"11":{"start":{"line":23,"column":2},"end":{"line":23,"column":null}},"12":{"start":{"line":26,"column":0},"end":{"line":26,"column":null}},"13":{"start":{"line":27,"column":2},"end":{"line":27,"column":null}},"14":{"start":{"line":28,"column":2},"end":{"line":28,"column":null}},"15":{"start":{"line":31,"column":0},"end":{"line":31,"column":null}},"16":{"start":{"line":32,"column":2},"end":{"line":32,"column":null}},"17":{"start":{"line":33,"column":2},"end":{"line":33,"column":null}}},"fnMap":{"0":{"name":"(anonymous_0)","decl":{"start":{"line":10,"column":0},"end":{"line":10,"column":12}},"loc":{"start":{"line":10,"column":21},"end":{"line":14,"column":1}}},"1":{"name":"(anonymous_1)","decl":{"start":{"line":16,"column":0},"end":{"line":16,"column":12}},"loc":{"start":{"line":16,"column":23},"end":{"line":24,"column":1}}},"2":{"name":"(anonymous_2)","decl":{"start":{"line":26,"column":0},"end":{"line":26,"column":12}},"loc":{"start":{"line":26,"column":25},"end":{"line":29,"column":1}}},"3":{"name":"(anonymous_3)","decl":{"start":{"line":31,"column":0},"end":{"line":31,"column":12}},"loc":{"start":{"line":31,"column":25},"end":{"line":34,"column":1}}}},"branchMap":{"0":{"loc":{"start":{"line":10,"column":12},"end":{"line":10,"column":null}},"type":"binary-expr","locations":[{"start":{"line":10,"column":12},"end":{"line":10,"column":21}},{"start":{"line":10,"column":21},"end":{"line":10,"column":null}}]},"1":{"loc":{"start":{"line":16,"column":12},"end":{"line":16,"column":null}},"type":"binary-expr","locations":[{"start":{"line":16,"column":12},"end":{"line":16,"column":23}},{"start":{"line":16,"column":23},"end":{"line":16,"column":null}}]},"2":{"loc":{"start":{"line":26,"column":12},"end":{"line":26,"column":null}},"type":"binary-expr","locations":[{"start":{"line":26,"column":12},"end":{"line":26,"column":25}},{"start":{"line":26,"column":25},"end":{"line":26,"column":null}}]},"3":{"loc":{"start":{"line":31,"column":12},"end":{"line":31,"column":null}},"type":"binary-expr","locations":[{"start":{"line":31,"column":12},"end":{"line":31,"column":25}},{"start":{"line":31,"column":25},"end":{"line":31,"column":null}}]}},"s":{"0":2,"1":2,"2":2,"3":2,"4":2,"5":2,"6":2,"7":2,"8":2,"9":2,"10":2,"11":2,"12":2,"13":2,"14":2,"15":2,"16":2,"17":2},"f":{"0":2,"1":2,"2":2,"3":2},"b":{"0":[2,2],"1":[2,2],"2":[2,2],"3":[2,2]}}
,"/Users/wawawoom/Desktop/WORK/WAWAWOOM/website/libs/wui/src/components/WuiText/WuiText.tsx": {"path":"/Users/wawawoom/Desktop/WORK/WAWAWOOM/website/libs/wui/src/components/WuiText/WuiText.tsx","statementMap":{"0":{"start":{"line":1,"column":0},"end":{"line":1,"column":63}},"1":{"start":{"line":3,"column":0},"end":{"line":3,"column":62}},"2":{"start":{"line":4,"column":0},"end":{"line":4,"column":40}},"3":{"start":{"line":5,"column":0},"end":{"line":5,"column":null}},"4":{"start":{"line":13,"column":13},"end":{"line":41,"column":2}},"5":{"start":{"line":26,"column":17},"end":{"line":26,"column":36}},"6":{"start":{"line":28,"column":23},"end":{"line":34,"column":null}},"7":{"start":{"line":37,"column":4},"end":{"line":39,"column":6}},"8":{"start":{"line":43,"column":0},"end":{"line":43,"column":32}}},"fnMap":{"0":{"name":"(anonymous_0)","decl":{"start":{"line":14,"column":2},"end":{"line":14,"column":null}},"loc":{"start":{"line":25,"column":6},"end":{"line":40,"column":3}}}},"branchMap":{"0":{"loc":{"start":{"line":16,"column":6},"end":{"line":16,"column":20}},"type":"default-arg","locations":[{"start":{"line":16,"column":18},"end":{"line":16,"column":20}}]},"1":{"loc":{"start":{"line":17,"column":6},"end":{"line":17,"column":26}},"type":"default-arg","locations":[{"start":{"line":17,"column":13},"end":{"line":17,"column":26}}]},"2":{"loc":{"start":{"line":18,"column":6},"end":{"line":18,"column":35}},"type":"default-arg","locations":[{"start":{"line":18,"column":15},"end":{"line":18,"column":35}}]},"3":{"loc":{"start":{"line":19,"column":6},"end":{"line":19,"column":39}},"type":"default-arg","locations":[{"start":{"line":19,"column":14},"end":{"line":19,"column":39}}]},"4":{"loc":{"start":{"line":20,"column":6},"end":{"line":20,"column":38}},"type":"default-arg","locations":[{"start":{"line":20,"column":19},"end":{"line":20,"column":38}}]},"5":{"loc":{"start":{"line":26,"column":17},"end":{"line":26,"column":36}},"type":"binary-expr","locations":[{"start":{"line":26,"column":17},"end":{"line":26,"column":19}},{"start":{"line":26,"column":23},"end":{"line":26,"column":36}}]}},"s":{"0":2,"1":2,"2":2,"3":2,"4":2,"5":8,"6":8,"7":8,"8":2},"f":{"0":8},"b":{"0":[2],"1":[2],"2":[7],"3":[7],"4":[8],"5":[8,1]}}
,"/Users/wawawoom/Desktop/WORK/WAWAWOOM/website/libs/wui/src/components/WuiTextarea/WuiTextarea.props.ts": {"path":"/Users/wawawoom/Desktop/WORK/WAWAWOOM/website/libs/wui/src/components/WuiTextarea/WuiTextarea.props.ts","statementMap":{"0":{"start":{"line":5,"column":0},"end":{"line":5,"column":null}},"1":{"start":{"line":6,"column":2},"end":{"line":6,"column":null}},"2":{"start":{"line":7,"column":2},"end":{"line":7,"column":null}},"3":{"start":{"line":8,"column":2},"end":{"line":8,"column":null}},"4":{"start":{"line":11,"column":0},"end":{"line":11,"column":null}},"5":{"start":{"line":12,"column":2},"end":{"line":12,"column":null}},"6":{"start":{"line":13,"column":2},"end":{"line":13,"column":null}},"7":{"start":{"line":14,"column":2},"end":{"line":14,"column":null}}},"fnMap":{"0":{"name":"(anonymous_0)","decl":{"start":{"line":5,"column":0},"end":{"line":5,"column":12}},"loc":{"start":{"line":5,"column":29},"end":{"line":9,"column":1}}},"1":{"name":"(anonymous_1)","decl":{"start":{"line":11,"column":0},"end":{"line":11,"column":12}},"loc":{"start":{"line":11,"column":29},"end":{"line":15,"column":1}}}},"branchMap":{"0":{"loc":{"start":{"line":5,"column":12},"end":{"line":5,"column":null}},"type":"binary-expr","locations":[{"start":{"line":5,"column":12},"end":{"line":5,"column":29}},{"start":{"line":5,"column":29},"end":{"line":5,"column":null}}]},"1":{"loc":{"start":{"line":11,"column":12},"end":{"line":11,"column":null}},"type":"binary-expr","locations":[{"start":{"line":11,"column":12},"end":{"line":11,"column":29}},{"start":{"line":11,"column":29},"end":{"line":11,"column":null}}]}},"s":{"0":1,"1":1,"2":1,"3":1,"4":1,"5":1,"6":1,"7":1},"f":{"0":1,"1":1},"b":{"0":[1,1],"1":[1,1]}}
,"/Users/wawawoom/Desktop/WORK/WAWAWOOM/website/libs/wui/src/components/WuiTextarea/WuiTextarea.tsx": {"path":"/Users/wawawoom/Desktop/WORK/WAWAWOOM/website/libs/wui/src/components/WuiTextarea/WuiTextarea.tsx","statementMap":{"0":{"start":{"line":1,"column":0},"end":{"line":1,"column":42}},"1":{"start":{"line":3,"column":0},"end":{"line":3,"column":40}},"2":{"start":{"line":4,"column":0},"end":{"line":4,"column":66}},"3":{"start":{"line":5,"column":0},"end":{"line":5,"column":75}},"4":{"start":{"line":8,"column":13},"end":{"line":64,"column":2}},"5":{"start":{"line":21,"column":26},"end":{"line":21,"column":40}},"6":{"start":{"line":22,"column":24},"end":{"line":22,"column":31}},"7":{"start":{"line":23,"column":23},"end":{"line":23,"column":66}},"8":{"start":{"line":25,"column":23},"end":{"line":29,"column":null}},"9":{"start":{"line":32,"column":4},"end":{"line":62,"column":6}},"10":{"start":{"line":53,"column":14},"end":{"line":54,"column":null}},"11":{"start":{"line":66,"column":0},"end":{"line":66,"column":40}}},"fnMap":{"0":{"name":"(anonymous_0)","decl":{"start":{"line":9,"column":2},"end":{"line":9,"column":null}},"loc":{"start":{"line":20,"column":6},"end":{"line":63,"column":3}}},"1":{"name":"(anonymous_1)","decl":{"start":{"line":52,"column":25},"end":{"line":52,"column":26}},"loc":{"start":{"line":53,"column":14},"end":{"line":54,"column":null}}}},"branchMap":{"0":{"loc":{"start":{"line":11,"column":6},"end":{"line":11,"column":34}},"type":"default-arg","locations":[{"start":{"line":11,"column":15},"end":{"line":11,"column":34}}]},"1":{"loc":{"start":{"line":12,"column":6},"end":{"line":12,"column":40}},"type":"default-arg","locations":[{"start":{"line":12,"column":15},"end":{"line":12,"column":40}}]},"2":{"loc":{"start":{"line":14,"column":6},"end":{"line":14,"column":20}},"type":"default-arg","locations":[{"start":{"line":14,"column":18},"end":{"line":14,"column":20}}]},"3":{"loc":{"start":{"line":16,"column":6},"end":{"line":16,"column":18}},"type":"default-arg","locations":[{"start":{"line":16,"column":16},"end":{"line":16,"column":18}}]},"4":{"loc":{"start":{"line":23,"column":23},"end":{"line":23,"column":66}},"type":"binary-expr","locations":[{"start":{"line":23,"column":23},"end":{"line":23,"column":29}},{"start":{"line":23,"column":34},"end":{"line":23,"column":65}}]},"5":{"loc":{"start":{"line":23,"column":34},"end":{"line":23,"column":65}},"type":"cond-expr","locations":[{"start":{"line":23,"column":42},"end":{"line":23,"column":53}},{"start":{"line":23,"column":56},"end":{"line":23,"column":65}}]},"6":{"loc":{"start":{"line":34,"column":9},"end":{"line":37,"column":null}},"type":"binary-expr","locations":[{"start":{"line":34,"column":9},"end":{"line":34,"column":14}},{"start":{"line":35,"column":10},"end":{"line":36,"column":null}}]},"7":{"loc":{"start":{"line":45,"column":26},"end":{"line":45,"column":79}},"type":"cond-expr","locations":[{"start":{"line":45,"column":63},"end":{"line":45,"column":67}},{"start":{"line":45,"column":70},"end":{"line":45,"column":79}}]},"8":{"loc":{"start":{"line":50,"column":9},"end":{"line":59,"column":null}},"type":"binary-expr","locations":[{"start":{"line":50,"column":9},"end":{"line":50,"column":27}},{"start":{"line":51,"column":10},"end":{"line":58,"column":null}}]}},"s":{"0":1,"1":1,"2":1,"3":1,"4":1,"5":15,"6":15,"7":15,"8":15,"9":15,"10":4,"11":1},"f":{"0":15,"1":4},"b":{"0":[14],"1":[14],"2":[14],"3":[11],"4":[15,14],"5":[3,11],"6":[15,4],"7":[1,14],"8":[15,3]}}
,"/Users/wawawoom/Desktop/WORK/WAWAWOOM/website/libs/wui/src/components/WuiTitle/WuiTitle.props.ts": {"path":"/Users/wawawoom/Desktop/WORK/WAWAWOOM/website/libs/wui/src/components/WuiTitle/WuiTitle.props.ts","statementMap":{"0":{"start":{"line":5,"column":0},"end":{"line":5,"column":null}},"1":{"start":{"line":6,"column":2},"end":{"line":6,"column":null}},"2":{"start":{"line":7,"column":2},"end":{"line":7,"column":null}},"3":{"start":{"line":8,"column":2},"end":{"line":8,"column":null}},"4":{"start":{"line":9,"column":2},"end":{"line":9,"column":null}},"5":{"start":{"line":10,"column":2},"end":{"line":10,"column":null}},"6":{"start":{"line":11,"column":2},"end":{"line":11,"column":null}},"7":{"start":{"line":14,"column":0},"end":{"line":14,"column":null}},"8":{"start":{"line":15,"column":2},"end":{"line":15,"column":null}},"9":{"start":{"line":16,"column":2},"end":{"line":16,"column":null}},"10":{"start":{"line":17,"column":2},"end":{"line":17,"column":null}},"11":{"start":{"line":18,"column":2},"end":{"line":18,"column":null}},"12":{"start":{"line":19,"column":2},"end":{"line":19,"column":null}},"13":{"start":{"line":20,"column":2},"end":{"line":20,"column":null}}},"fnMap":{"0":{"name":"(anonymous_0)","decl":{"start":{"line":5,"column":0},"end":{"line":5,"column":12}},"loc":{"start":{"line":5,"column":22},"end":{"line":12,"column":1}}},"1":{"name":"(anonymous_1)","decl":{"start":{"line":14,"column":0},"end":{"line":14,"column":12}},"loc":{"start":{"line":14,"column":24},"end":{"line":21,"column":1}}}},"branchMap":{"0":{"loc":{"start":{"line":5,"column":12},"end":{"line":5,"column":null}},"type":"binary-expr","locations":[{"start":{"line":5,"column":12},"end":{"line":5,"column":22}},{"start":{"line":5,"column":22},"end":{"line":5,"column":null}}]},"1":{"loc":{"start":{"line":14,"column":12},"end":{"line":14,"column":null}},"type":"binary-expr","locations":[{"start":{"line":14,"column":12},"end":{"line":14,"column":24}},{"start":{"line":14,"column":24},"end":{"line":14,"column":null}}]}},"s":{"0":1,"1":1,"2":1,"3":1,"4":1,"5":1,"6":1,"7":1,"8":1,"9":1,"10":1,"11":1,"12":1,"13":1},"f":{"0":1,"1":1},"b":{"0":[1,1],"1":[1,1]}}
,"/Users/wawawoom/Desktop/WORK/WAWAWOOM/website/libs/wui/src/components/WuiTitle/WuiTitle.tsx": {"path":"/Users/wawawoom/Desktop/WORK/WAWAWOOM/website/libs/wui/src/components/WuiTitle/WuiTitle.tsx","statementMap":{"0":{"start":{"line":1,"column":0},"end":{"line":1,"column":35}},"1":{"start":{"line":3,"column":0},"end":{"line":3,"column":43}},"2":{"start":{"line":4,"column":0},"end":{"line":4,"column":40}},"3":{"start":{"line":5,"column":0},"end":{"line":5,"column":66}},"4":{"start":{"line":7,"column":13},"end":{"line":27,"column":2}},"5":{"start":{"line":18,"column":23},"end":{"line":22,"column":null}},"6":{"start":{"line":25,"column":4},"end":{"line":25,"column":63}},"7":{"start":{"line":29,"column":0},"end":{"line":29,"column":34}}},"fnMap":{"0":{"name":"(anonymous_0)","decl":{"start":{"line":8,"column":2},"end":{"line":8,"column":null}},"loc":{"start":{"line":17,"column":6},"end":{"line":26,"column":3}}}},"branchMap":{"0":{"loc":{"start":{"line":10,"column":6},"end":{"line":10,"column":20}},"type":"default-arg","locations":[{"start":{"line":10,"column":18},"end":{"line":10,"column":20}}]},"1":{"loc":{"start":{"line":11,"column":10},"end":{"line":11,"column":29}},"type":"default-arg","locations":[{"start":{"line":11,"column":16},"end":{"line":11,"column":29}}]},"2":{"loc":{"start":{"line":13,"column":6},"end":{"line":13,"column":39}},"type":"default-arg","locations":[{"start":{"line":13,"column":14},"end":{"line":13,"column":39}}]},"3":{"loc":{"start":{"line":20,"column":6},"end":{"line":20,"column":38}},"type":"cond-expr","locations":[{"start":{"line":20,"column":13},"end":{"line":20,"column":33}},{"start":{"line":20,"column":36},"end":{"line":20,"column":38}}]},"4":{"loc":{"start":{"line":21,"column":6},"end":{"line":21,"column":40}},"type":"cond-expr","locations":[{"start":{"line":21,"column":14},"end":{"line":21,"column":35}},{"start":{"line":21,"column":38},"end":{"line":21,"column":40}}]}},"s":{"0":1,"1":1,"2":1,"3":1,"4":1,"5":4,"6":4,"7":1},"f":{"0":4},"b":{"0":[3],"1":[2],"2":[2],"3":[1,3],"4":[3,1]}}
,"/Users/wawawoom/Desktop/WORK/WAWAWOOM/website/libs/wui/src/components/WuiTooltip/WuiTooltip.props.ts": {"path":"/Users/wawawoom/Desktop/WORK/WAWAWOOM/website/libs/wui/src/components/WuiTooltip/WuiTooltip.props.ts","statementMap":{"0":{"start":{"line":3,"column":0},"end":{"line":3,"column":null}},"1":{"start":{"line":4,"column":2},"end":{"line":4,"column":null}},"2":{"start":{"line":5,"column":2},"end":{"line":5,"column":null}},"3":{"start":{"line":6,"column":2},"end":{"line":6,"column":null}},"4":{"start":{"line":7,"column":2},"end":{"line":7,"column":null}}},"fnMap":{"0":{"name":"(anonymous_0)","decl":{"start":{"line":3,"column":0},"end":{"line":3,"column":12}},"loc":{"start":{"line":3,"column":31},"end":{"line":8,"column":1}}}},"branchMap":{"0":{"loc":{"start":{"line":3,"column":12},"end":{"line":3,"column":null}},"type":"binary-expr","locations":[{"start":{"line":3,"column":12},"end":{"line":3,"column":31}},{"start":{"line":3,"column":31},"end":{"line":3,"column":null}}]}},"s":{"0":1,"1":1,"2":1,"3":1,"4":1},"f":{"0":1},"b":{"0":[1,1]}}
,"/Users/wawawoom/Desktop/WORK/WAWAWOOM/website/libs/wui/src/components/WuiTooltip/WuiTooltip.tsx": {"path":"/Users/wawawoom/Desktop/WORK/WAWAWOOM/website/libs/wui/src/components/WuiTooltip/WuiTooltip.tsx","statementMap":{"0":{"start":{"line":1,"column":0},"end":{"line":1,"column":42}},"1":{"start":{"line":3,"column":0},"end":{"line":3,"column":40}},"2":{"start":{"line":4,"column":0},"end":{"line":4,"column":57}},"3":{"start":{"line":7,"column":13},"end":{"line":49,"column":2}},"4":{"start":{"line":18,"column":22},"end":{"line":18,"column":29}},"5":{"start":{"line":20,"column":27},"end":{"line":23,"column":null}},"6":{"start":{"line":26,"column":4},"end":{"line":47,"column":6}},"7":{"start":{"line":51,"column":0},"end":{"line":51,"column":38}}},"fnMap":{"0":{"name":"(anonymous_0)","decl":{"start":{"line":8,"column":2},"end":{"line":8,"column":null}},"loc":{"start":{"line":17,"column":6},"end":{"line":48,"column":3}}}},"branchMap":{"0":{"loc":{"start":{"line":11,"column":6},"end":{"line":11,"column":41}},"type":"default-arg","locations":[{"start":{"line":11,"column":18},"end":{"line":11,"column":41}}]},"1":{"loc":{"start":{"line":13,"column":6},"end":{"line":13,"column":20}},"type":"default-arg","locations":[{"start":{"line":13,"column":18},"end":{"line":13,"column":20}}]}},"s":{"0":1,"1":1,"2":1,"3":1,"4":5,"5":5,"6":5,"7":1},"f":{"0":5},"b":{"0":[4],"1":[4]}}
,"/Users/wawawoom/Desktop/WORK/WAWAWOOM/website/libs/wui/src/enum/WuiColorAlias.enum.ts": {"path":"/Users/wawawoom/Desktop/WORK/WAWAWOOM/website/libs/wui/src/enum/WuiColorAlias.enum.ts","statementMap":{"0":{"start":{"line":4,"column":0},"end":{"line":4,"column":null}},"1":{"start":{"line":5,"column":2},"end":{"line":5,"column":null}},"2":{"start":{"line":6,"column":2},"end":{"line":6,"column":null}},"3":{"start":{"line":7,"column":2},"end":{"line":7,"column":null}},"4":{"start":{"line":8,"column":2},"end":{"line":8,"column":null}},"5":{"start":{"line":9,"column":2},"end":{"line":9,"column":null}},"6":{"start":{"line":10,"column":2},"end":{"line":10,"column":null}},"7":{"start":{"line":11,"column":2},"end":{"line":11,"column":null}},"8":{"start":{"line":12,"column":2},"end":{"line":12,"column":null}},"9":{"start":{"line":13,"column":2},"end":{"line":13,"column":null}},"10":{"start":{"line":14,"column":2},"end":{"line":14,"column":null}},"11":{"start":{"line":15,"column":2},"end":{"line":15,"column":null}},"12":{"start":{"line":16,"column":2},"end":{"line":16,"column":null}},"13":{"start":{"line":17,"column":2},"end":{"line":17,"column":null}},"14":{"start":{"line":18,"column":2},"end":{"line":18,"column":null}},"15":{"start":{"line":19,"column":2},"end":{"line":19,"column":null}},"16":{"start":{"line":20,"column":2},"end":{"line":20,"column":null}},"17":{"start":{"line":21,"column":2},"end":{"line":21,"column":null}},"18":{"start":{"line":22,"column":2},"end":{"line":22,"column":null}},"19":{"start":{"line":23,"column":2},"end":{"line":23,"column":null}},"20":{"start":{"line":24,"column":2},"end":{"line":24,"column":null}},"21":{"start":{"line":25,"column":2},"end":{"line":25,"column":null}},"22":{"start":{"line":26,"column":2},"end":{"line":26,"column":null}},"23":{"start":{"line":27,"column":2},"end":{"line":27,"column":null}},"24":{"start":{"line":28,"column":2},"end":{"line":28,"column":null}},"25":{"start":{"line":29,"column":2},"end":{"line":29,"column":null}},"26":{"start":{"line":30,"column":2},"end":{"line":30,"column":null}},"27":{"start":{"line":31,"column":2},"end":{"line":31,"column":null}},"28":{"start":{"line":32,"column":2},"end":{"line":32,"column":null}},"29":{"start":{"line":33,"column":2},"end":{"line":33,"column":null}},"30":{"start":{"line":34,"column":2},"end":{"line":34,"column":null}},"31":{"start":{"line":35,"column":2},"end":{"line":35,"column":null}},"32":{"start":{"line":36,"column":2},"end":{"line":36,"column":null}},"33":{"start":{"line":37,"column":2},"end":{"line":37,"column":null}},"34":{"start":{"line":38,"column":2},"end":{"line":38,"column":null}},"35":{"start":{"line":39,"column":2},"end":{"line":39,"column":null}},"36":{"start":{"line":40,"column":2},"end":{"line":40,"column":null}},"37":{"start":{"line":41,"column":2},"end":{"line":41,"column":null}},"38":{"start":{"line":42,"column":2},"end":{"line":42,"column":null}},"39":{"start":{"line":43,"column":2},"end":{"line":43,"column":null}},"40":{"start":{"line":44,"column":2},"end":{"line":44,"column":null}},"41":{"start":{"line":45,"column":2},"end":{"line":45,"column":null}},"42":{"start":{"line":46,"column":2},"end":{"line":46,"column":null}},"43":{"start":{"line":47,"column":2},"end":{"line":47,"column":null}},"44":{"start":{"line":48,"column":2},"end":{"line":48,"column":null}},"45":{"start":{"line":49,"column":2},"end":{"line":49,"column":null}},"46":{"start":{"line":50,"column":2},"end":{"line":50,"column":null}},"47":{"start":{"line":51,"column":2},"end":{"line":51,"column":null}},"48":{"start":{"line":52,"column":2},"end":{"line":52,"column":null}},"49":{"start":{"line":53,"column":2},"end":{"line":53,"column":null}},"50":{"start":{"line":54,"column":2},"end":{"line":54,"column":null}}},"fnMap":{"0":{"name":"(anonymous_0)","decl":{"start":{"line":4,"column":0},"end":{"line":4,"column":12}},"loc":{"start":{"line":4,"column":25},"end":{"line":55,"column":1}}}},"branchMap":{"0":{"loc":{"start":{"line":4,"column":12},"end":{"line":4,"column":null}},"type":"binary-expr","locations":[{"start":{"line":4,"column":12},"end":{"line":4,"column":25}},{"start":{"line":4,"column":25},"end":{"line":4,"column":null}}]}},"s":{"0":3,"1":3,"2":3,"3":3,"4":3,"5":3,"6":3,"7":3,"8":3,"9":3,"10":3,"11":3,"12":3,"13":3,"14":3,"15":3,"16":3,"17":3,"18":3,"19":3,"20":3,"21":3,"22":3,"23":3,"24":3,"25":3,"26":3,"27":3,"28":3,"29":3,"30":3,"31":3,"32":3,"33":3,"34":3,"35":3,"36":3,"37":3,"38":3,"39":3,"40":3,"41":3,"42":3,"43":3,"44":3,"45":3,"46":3,"47":3,"48":3,"49":3,"50":3},"f":{"0":3},"b":{"0":[3,3]}}
,"/Users/wawawoom/Desktop/WORK/WAWAWOOM/website/libs/wui/src/enum/WuiColorName.enum.ts": {"path":"/Users/wawawoom/Desktop/WORK/WAWAWOOM/website/libs/wui/src/enum/WuiColorName.enum.ts","statementMap":{"0":{"start":{"line":4,"column":0},"end":{"line":4,"column":null}},"1":{"start":{"line":5,"column":2},"end":{"line":5,"column":null}},"2":{"start":{"line":6,"column":2},"end":{"line":6,"column":null}},"3":{"start":{"line":7,"column":2},"end":{"line":7,"column":null}},"4":{"start":{"line":8,"column":2},"end":{"line":8,"column":null}},"5":{"start":{"line":9,"column":2},"end":{"line":9,"column":null}},"6":{"start":{"line":10,"column":2},"end":{"line":10,"column":null}},"7":{"start":{"line":11,"column":2},"end":{"line":11,"column":null}},"8":{"start":{"line":12,"column":2},"end":{"line":12,"column":null}},"9":{"start":{"line":13,"column":2},"end":{"line":13,"column":null}},"10":{"start":{"line":14,"column":2},"end":{"line":14,"column":null}},"11":{"start":{"line":15,"column":2},"end":{"line":15,"column":null}},"12":{"start":{"line":16,"column":2},"end":{"line":16,"column":null}},"13":{"start":{"line":17,"column":2},"end":{"line":17,"column":null}},"14":{"start":{"line":18,"column":2},"end":{"line":18,"column":null}},"15":{"start":{"line":19,"column":2},"end":{"line":19,"column":null}},"16":{"start":{"line":20,"column":2},"end":{"line":20,"column":null}},"17":{"start":{"line":21,"column":2},"end":{"line":21,"column":null}},"18":{"start":{"line":22,"column":2},"end":{"line":22,"column":null}},"19":{"start":{"line":23,"column":2},"end":{"line":23,"column":null}},"20":{"start":{"line":24,"column":2},"end":{"line":24,"column":null}},"21":{"start":{"line":25,"column":2},"end":{"line":25,"column":null}},"22":{"start":{"line":26,"column":2},"end":{"line":26,"column":null}},"23":{"start":{"line":27,"column":2},"end":{"line":27,"column":null}},"24":{"start":{"line":28,"column":2},"end":{"line":28,"column":null}},"25":{"start":{"line":29,"column":2},"end":{"line":29,"column":null}},"26":{"start":{"line":30,"column":2},"end":{"line":30,"column":null}},"27":{"start":{"line":31,"column":2},"end":{"line":31,"column":null}},"28":{"start":{"line":32,"column":2},"end":{"line":32,"column":null}},"29":{"start":{"line":33,"column":2},"end":{"line":33,"column":null}},"30":{"start":{"line":34,"column":2},"end":{"line":34,"column":null}},"31":{"start":{"line":35,"column":2},"end":{"line":35,"column":null}},"32":{"start":{"line":36,"column":2},"end":{"line":36,"column":null}},"33":{"start":{"line":37,"column":2},"end":{"line":37,"column":null}},"34":{"start":{"line":38,"column":2},"end":{"line":38,"column":null}},"35":{"start":{"line":39,"column":2},"end":{"line":39,"column":null}},"36":{"start":{"line":40,"column":2},"end":{"line":40,"column":null}},"37":{"start":{"line":41,"column":2},"end":{"line":41,"column":null}},"38":{"start":{"line":42,"column":2},"end":{"line":42,"column":null}},"39":{"start":{"line":43,"column":2},"end":{"line":43,"column":null}},"40":{"start":{"line":44,"column":2},"end":{"line":44,"column":null}},"41":{"start":{"line":45,"column":2},"end":{"line":45,"column":null}},"42":{"start":{"line":46,"column":2},"end":{"line":46,"column":null}},"43":{"start":{"line":47,"column":2},"end":{"line":47,"column":null}},"44":{"start":{"line":48,"column":2},"end":{"line":48,"column":null}},"45":{"start":{"line":49,"column":2},"end":{"line":49,"column":null}},"46":{"start":{"line":50,"column":2},"end":{"line":50,"column":null}},"47":{"start":{"line":51,"column":2},"end":{"line":51,"column":null}},"48":{"start":{"line":52,"column":2},"end":{"line":52,"column":null}},"49":{"start":{"line":53,"column":2},"end":{"line":53,"column":null}},"50":{"start":{"line":54,"column":2},"end":{"line":54,"column":null}}},"fnMap":{"0":{"name":"(anonymous_0)","decl":{"start":{"line":4,"column":0},"end":{"line":4,"column":12}},"loc":{"start":{"line":4,"column":24},"end":{"line":55,"column":1}}}},"branchMap":{"0":{"loc":{"start":{"line":4,"column":12},"end":{"line":4,"column":null}},"type":"binary-expr","locations":[{"start":{"line":4,"column":12},"end":{"line":4,"column":24}},{"start":{"line":4,"column":24},"end":{"line":4,"column":null}}]}},"s":{"0":2,"1":2,"2":2,"3":2,"4":2,"5":2,"6":2,"7":2,"8":2,"9":2,"10":2,"11":2,"12":2,"13":2,"14":2,"15":2,"16":2,"17":2,"18":2,"19":2,"20":2,"21":2,"22":2,"23":2,"24":2,"25":2,"26":2,"27":2,"28":2,"29":2,"30":2,"31":2,"32":2,"33":2,"34":2,"35":2,"36":2,"37":2,"38":2,"39":2,"40":2,"41":2,"42":2,"43":2,"44":2,"45":2,"46":2,"47":2,"48":2,"49":2,"50":2},"f":{"0":2},"b":{"0":[2,2]}}
,"/Users/wawawoom/Desktop/WORK/WAWAWOOM/website/libs/wui/src/enum/WuiColorValue.enum.ts": {"path":"/Users/wawawoom/Desktop/WORK/WAWAWOOM/website/libs/wui/src/enum/WuiColorValue.enum.ts","statementMap":{"0":{"start":{"line":4,"column":0},"end":{"line":4,"column":null}},"1":{"start":{"line":5,"column":2},"end":{"line":5,"column":null}},"2":{"start":{"line":6,"column":2},"end":{"line":6,"column":null}},"3":{"start":{"line":7,"column":2},"end":{"line":7,"column":null}},"4":{"start":{"line":8,"column":2},"end":{"line":8,"column":null}},"5":{"start":{"line":9,"column":2},"end":{"line":9,"column":null}},"6":{"start":{"line":10,"column":2},"end":{"line":10,"column":null}},"7":{"start":{"line":11,"column":2},"end":{"line":11,"column":null}},"8":{"start":{"line":12,"column":2},"end":{"line":12,"column":null}},"9":{"start":{"line":13,"column":2},"end":{"line":13,"column":null}},"10":{"start":{"line":14,"column":2},"end":{"line":14,"column":null}},"11":{"start":{"line":15,"column":2},"end":{"line":15,"column":null}},"12":{"start":{"line":16,"column":2},"end":{"line":16,"column":null}},"13":{"start":{"line":17,"column":2},"end":{"line":17,"column":null}},"14":{"start":{"line":18,"column":2},"end":{"line":18,"column":null}},"15":{"start":{"line":19,"column":2},"end":{"line":19,"column":null}},"16":{"start":{"line":20,"column":2},"end":{"line":20,"column":null}},"17":{"start":{"line":21,"column":2},"end":{"line":21,"column":null}},"18":{"start":{"line":22,"column":2},"end":{"line":22,"column":null}},"19":{"start":{"line":23,"column":2},"end":{"line":23,"column":null}},"20":{"start":{"line":24,"column":2},"end":{"line":24,"column":null}},"21":{"start":{"line":25,"column":2},"end":{"line":25,"column":null}},"22":{"start":{"line":26,"column":2},"end":{"line":26,"column":null}},"23":{"start":{"line":27,"column":2},"end":{"line":27,"column":null}},"24":{"start":{"line":28,"column":2},"end":{"line":28,"column":null}},"25":{"start":{"line":29,"column":2},"end":{"line":29,"column":null}},"26":{"start":{"line":30,"column":2},"end":{"line":30,"column":null}},"27":{"start":{"line":31,"column":2},"end":{"line":31,"column":null}},"28":{"start":{"line":32,"column":2},"end":{"line":32,"column":null}},"29":{"start":{"line":33,"column":2},"end":{"line":33,"column":null}},"30":{"start":{"line":34,"column":2},"end":{"line":34,"column":null}},"31":{"start":{"line":35,"column":2},"end":{"line":35,"column":null}},"32":{"start":{"line":36,"column":2},"end":{"line":36,"column":null}},"33":{"start":{"line":37,"column":2},"end":{"line":37,"column":null}},"34":{"start":{"line":38,"column":2},"end":{"line":38,"column":null}},"35":{"start":{"line":39,"column":2},"end":{"line":39,"column":null}},"36":{"start":{"line":40,"column":2},"end":{"line":40,"column":null}},"37":{"start":{"line":41,"column":2},"end":{"line":41,"column":null}},"38":{"start":{"line":42,"column":2},"end":{"line":42,"column":null}},"39":{"start":{"line":43,"column":2},"end":{"line":43,"column":null}},"40":{"start":{"line":44,"column":2},"end":{"line":44,"column":null}},"41":{"start":{"line":45,"column":2},"end":{"line":45,"column":null}},"42":{"start":{"line":46,"column":2},"end":{"line":46,"column":null}},"43":{"start":{"line":47,"column":2},"end":{"line":47,"column":null}},"44":{"start":{"line":48,"column":2},"end":{"line":48,"column":null}},"45":{"start":{"line":49,"column":2},"end":{"line":49,"column":null}},"46":{"start":{"line":50,"column":2},"end":{"line":50,"column":null}},"47":{"start":{"line":51,"column":2},"end":{"line":51,"column":null}},"48":{"start":{"line":52,"column":2},"end":{"line":52,"column":null}},"49":{"start":{"line":53,"column":2},"end":{"line":53,"column":null}},"50":{"start":{"line":54,"column":2},"end":{"line":54,"column":null}}},"fnMap":{"0":{"name":"(anonymous_0)","decl":{"start":{"line":4,"column":0},"end":{"line":4,"column":12}},"loc":{"start":{"line":4,"column":25},"end":{"line":55,"column":1}}}},"branchMap":{"0":{"loc":{"start":{"line":4,"column":12},"end":{"line":4,"column":null}},"type":"binary-expr","locations":[{"start":{"line":4,"column":12},"end":{"line":4,"column":25}},{"start":{"line":4,"column":25},"end":{"line":4,"column":null}}]}},"s":{"0":2,"1":2,"2":2,"3":2,"4":2,"5":2,"6":2,"7":2,"8":2,"9":2,"10":2,"11":2,"12":2,"13":2,"14":2,"15":2,"16":2,"17":2,"18":2,"19":2,"20":2,"21":2,"22":2,"23":2,"24":2,"25":2,"26":2,"27":2,"28":2,"29":2,"30":2,"31":2,"32":2,"33":2,"34":2,"35":2,"36":2,"37":2,"38":2,"39":2,"40":2,"41":2,"42":2,"43":2,"44":2,"45":2,"46":2,"47":2,"48":2,"49":2,"50":2},"f":{"0":2},"b":{"0":[2,2]}}
,"/Users/wawawoom/Desktop/WORK/WAWAWOOM/website/libs/wui/src/utils/clsx.ts": {"path":"/Users/wawawoom/Desktop/WORK/WAWAWOOM/website/libs/wui/src/utils/clsx.ts","statementMap":{"0":{"start":{"line":13,"column":20},"end":{"line":17,"column":1}},"1":{"start":{"line":16,"column":2},"end":{"line":16,"column":43}},"2":{"start":{"line":13,"column":13},"end":{"line":13,"column":20}}},"fnMap":{"0":{"name":"(anonymous_0)","decl":{"start":{"line":13,"column":20},"end":{"line":13,"column":null}},"loc":{"start":{"line":15,"column":12},"end":{"line":17,"column":1}}}},"branchMap":{},"s":{"0":13,"1":204,"2":13},"f":{"0":204},"b":{}}
,"/Users/wawawoom/Desktop/WORK/WAWAWOOM/website/libs/wui/src/utils/lorem-ipsum.ts": {"path":"/Users/wawawoom/Desktop/WORK/WAWAWOOM/website/libs/wui/src/utils/lorem-ipsum.ts","statementMap":{"0":{"start":{"line":1,"column":13},"end":{"line":2,"column":3362}},"1":{"start":{"line":16,"column":26},"end":{"line":23,"column":1}},"2":{"start":{"line":17,"column":16},"end":{"line":17,"column":40}},"3":{"start":{"line":18,"column":24},"end":{"line":18,"column":73}},"4":{"start":{"line":19,"column":15},"end":{"line":19,"column":38}},"5":{"start":{"line":22,"column":2},"end":{"line":22,"column":48}},"6":{"start":{"line":16,"column":13},"end":{"line":16,"column":26}}},"fnMap":{"0":{"name":"(anonymous_0)","decl":{"start":{"line":16,"column":26},"end":{"line":16,"column":27}},"loc":{"start":{"line":16,"column":61},"end":{"line":23,"column":1}}}},"branchMap":{"0":{"loc":{"start":{"line":16,"column":27},"end":{"line":16,"column":49}},"type":"default-arg","locations":[{"start":{"line":16,"column":47},"end":{"line":16,"column":49}}]},"1":{"loc":{"start":{"line":22,"column":9},"end":{"line":22,"column":47}},"type":"cond-expr","locations":[{"start":{"line":22,"column":30},"end":{"line":22,"column":34}},{"start":{"line":22,"column":37},"end":{"line":22,"column":47}}]}},"s":{"0":1,"1":1,"2":3,"3":3,"4":3,"5":3,"6":1},"f":{"0":3},"b":{"0":[1],"1":[1,2]}}
}
