TN:
SF:src/components/WuiAlert/WuiAlert.props.ts
FN:3,(anonymous_0)
FNF:1
FNH:1
FNDA:1,(anonymous_0)
DA:3,1
DA:4,1
DA:5,1
DA:6,1
DA:7,1
DA:8,1
DA:9,1
LF:7
LH:7
BRDA:3,0,0,1
BRDA:3,0,1,1
BRF:2
BRH:2
end_of_record
TN:
SF:src/components/WuiAlert/WuiAlert.tsx
FN:17,(anonymous_0)
FNF:1
FNH:1
FNDA:3,(anonymous_0)
DA:1,1
DA:3,1
DA:4,1
DA:7,1
DA:16,1
DA:21,3
DA:22,3
DA:24,3
DA:30,3
DA:46,1
LF:10
LH:10
BRDA:18,0,0,2
BRDA:18,1,0,2
BRDA:22,2,0,3
BRDA:22,2,1,2
BRDA:36,3,0,3
BRDA:36,3,1,0
BRF:6
BRH:5
end_of_record
TN:
SF:src/components/WuiBadge/WuiBadge.props.tsx
FN:3,(anonymous_0)
FN:13,(anonymous_1)
FNF:2
FNH:2
FNDA:1,(anonymous_0)
FNDA:1,(anonymous_1)
DA:3,1
DA:4,1
DA:5,1
DA:6,1
DA:7,1
DA:8,1
DA:9,1
DA:10,1
DA:13,1
DA:14,1
DA:15,1
DA:16,1
LF:12
LH:12
BRDA:3,0,0,1
BRDA:3,0,1,1
BRDA:13,1,0,1
BRDA:13,1,1,1
BRF:4
BRH:4
end_of_record
TN:
SF:src/components/WuiBadge/WuiBadge.tsx
FN:8,(anonymous_0)
FNF:1
FNH:1
FNDA:3,(anonymous_0)
DA:1,1
DA:3,1
DA:4,1
DA:7,1
DA:18,3
DA:25,3
DA:33,1
LF:7
LH:7
BRDA:10,0,0,2
BRDA:11,1,0,2
BRDA:13,2,0,2
BRF:3
BRH:3
end_of_record
TN:
SF:src/components/WuiButton/WuiButton.props.tsx
FN:3,(anonymous_0)
FN:13,(anonymous_1)
FNF:2
FNH:2
FNDA:2,(anonymous_0)
FNDA:2,(anonymous_1)
DA:3,2
DA:4,2
DA:5,2
DA:6,2
DA:7,2
DA:8,2
DA:9,2
DA:10,2
DA:13,2
DA:14,2
DA:15,2
DA:16,2
LF:12
LH:12
BRDA:3,0,0,2
BRDA:3,0,1,2
BRDA:13,1,0,2
BRDA:13,1,1,2
BRF:4
BRH:4
end_of_record
TN:
SF:src/components/WuiButton/WuiButton.tsx
FN:8,(anonymous_0)
FNF:1
FNH:1
FNDA:32,(anonymous_0)
DA:1,2
DA:3,2
DA:4,2
DA:7,2
DA:21,32
DA:29,32
DA:41,2
LF:7
LH:7
BRDA:10,0,0,12
BRDA:11,1,0,12
BRDA:12,2,0,31
BRDA:16,3,0,31
BRDA:25,4,0,1
BRDA:25,4,1,31
BRDA:31,5,0,32
BRDA:31,5,1,21
BRDA:35,6,0,32
BRDA:35,6,1,2
BRF:10
BRH:10
end_of_record
TN:
SF:src/components/WuiLink/WuiLink.props.tsx
FN:3,(anonymous_0)
FN:14,(anonymous_1)
FNF:2
FNH:2
FNDA:1,(anonymous_0)
FNDA:1,(anonymous_1)
DA:3,1
DA:4,1
DA:5,1
DA:6,1
DA:7,1
DA:8,1
DA:9,1
DA:10,1
DA:11,1
DA:14,1
DA:15,1
DA:16,1
DA:17,1
LF:13
LH:13
BRDA:3,0,0,1
BRDA:3,0,1,1
BRDA:14,1,0,1
BRDA:14,1,1,1
BRF:4
BRH:4
end_of_record
TN:
SF:src/components/WuiLink/WuiLink.tsx
FN:7,(anonymous_0)
FNF:1
FNH:1
FNDA:4,(anonymous_0)
DA:1,1
DA:3,1
DA:4,1
DA:6,1
DA:8,4
DA:19,4
DA:23,1
LF:7
LH:7
BRDA:7,0,0,2
BRDA:7,1,0,3
BRDA:11,2,0,1
BRDA:11,2,1,3
BRDA:13,3,0,1
BRDA:13,3,1,2
BRDA:13,4,0,3
BRDA:13,4,1,1
BRF:8
BRH:8
end_of_record
TN:
SF:src/components/WuiModal/WuiModal.tsx
FN:9,(anonymous_0)
FN:23,(anonymous_1)
FN:35,(anonymous_2)
FN:36,(anonymous_3)
FN:38,(anonymous_4)
FN:46,(anonymous_5)
FN:54,(anonymous_6)
FN:69,(anonymous_7)
FN:78,(anonymous_8)
FN:84,(anonymous_9)
FN:89,(anonymous_10)
FN:98,(anonymous_11)
FN:102,(anonymous_12)
FN:107,(anonymous_13)
FN:113,(anonymous_14)
FN:116,(anonymous_15)
FN:126,(anonymous_16)
FN:133,(anonymous_17)
FNF:18
FNH:18
FNDA:19,(anonymous_0)
FNDA:9,(anonymous_1)
FNDA:6,(anonymous_2)
FNDA:6,(anonymous_3)
FNDA:6,(anonymous_4)
FNDA:8,(anonymous_5)
FNDA:3,(anonymous_6)
FNDA:5,(anonymous_7)
FNDA:8,(anonymous_8)
FNDA:8,(anonymous_9)
FNDA:2,(anonymous_10)
FNDA:8,(anonymous_11)
FNDA:8,(anonymous_12)
FNDA:2,(anonymous_13)
FNDA:8,(anonymous_14)
FNDA:38,(anonymous_15)
FNDA:3,(anonymous_16)
FNDA:3,(anonymous_17)
DA:1,1
DA:3,1
DA:4,1
DA:5,1
DA:8,1
DA:13,19
DA:14,19
DA:15,19
DA:17,19
DA:23,19
DA:24,9
DA:28,9
DA:29,6
DA:30,6
DA:31,6
DA:33,0
DA:35,6
DA:36,6
DA:38,6
DA:40,3
DA:41,3
DA:46,19
DA:47,8
DA:54,8
DA:60,3
DA:61,3
DA:62,3
DA:64,0
DA:66,3
DA:69,8
DA:70,5
DA:71,4
DA:72,1
DA:73,3
DA:76,8
DA:78,8
DA:79,8
DA:84,19
DA:85,8
DA:89,8
DA:90,2
DA:91,2
DA:92,1
DA:93,1
DA:97,8
DA:98,8
DA:102,19
DA:103,8
DA:107,8
DA:108,2
DA:109,1
DA:112,8
DA:113,8
DA:116,19
DA:117,38
DA:118,38
DA:119,2
DA:120,36
DA:121,2
DA:126,19
DA:127,3
DA:128,2
DA:129,2
DA:133,19
DA:134,3
DA:137,19
DA:176,1
LF:67
LH:65
BRDA:10,0,0,19
BRDA:19,1,0,19
BRDA:19,1,1,7
BRDA:28,2,0,6
BRDA:28,2,1,3
BRDA:30,3,0,6
BRDA:30,3,1,0
BRDA:61,4,0,3
BRDA:61,4,1,0
BRDA:70,5,0,1
BRDA:70,6,0,5
BRDA:70,6,1,5
BRDA:71,7,0,1
BRDA:71,8,0,4
BRDA:71,8,1,3
BRDA:91,9,0,1
BRDA:108,10,0,1
BRDA:118,11,0,2
BRDA:118,11,1,36
BRDA:120,12,0,2
BRDA:127,13,0,2
BRDA:146,14,0,19
BRDA:146,14,1,5
BRDA:167,15,0,19
BRDA:167,15,1,2
BRF:25
BRH:23
end_of_record
TN:
SF:src/components/WuiText/WuiText.props.ts
FN:10,(anonymous_0)
FN:16,(anonymous_1)
FN:26,(anonymous_2)
FNF:3
FNH:3
FNDA:2,(anonymous_0)
FNDA:2,(anonymous_1)
FNDA:2,(anonymous_2)
DA:10,2
DA:11,2
DA:12,2
DA:13,2
DA:16,2
DA:17,2
DA:18,2
DA:19,2
DA:20,2
DA:21,2
DA:22,2
DA:23,2
DA:26,2
DA:27,2
DA:28,2
LF:15
LH:15
BRDA:10,0,0,2
BRDA:10,0,1,2
BRDA:16,1,0,2
BRDA:16,1,1,2
BRDA:26,2,0,2
BRDA:26,2,1,2
BRF:6
BRH:6
end_of_record
TN:
SF:src/components/WuiText/WuiText.tsx
FN:9,(anonymous_0)
FNF:1
FNH:1
FNDA:8,(anonymous_0)
DA:1,2
DA:3,2
DA:4,2
DA:5,2
DA:8,2
DA:20,8
DA:22,8
DA:30,8
DA:34,2
LF:9
LH:9
BRDA:11,0,0,2
BRDA:12,1,0,2
BRDA:13,2,0,7
BRDA:14,3,0,7
BRDA:20,4,0,8
BRDA:20,4,1,1
BRF:6
BRH:6
end_of_record
TN:
SF:src/components/WuiTitle/WuiTitle.props.ts
FN:5,(anonymous_0)
FN:14,(anonymous_1)
FNF:2
FNH:2
FNDA:1,(anonymous_0)
FNDA:1,(anonymous_1)
DA:5,1
DA:6,1
DA:7,1
DA:8,1
DA:9,1
DA:10,1
DA:11,1
DA:14,1
DA:15,1
DA:16,1
DA:17,1
DA:18,1
DA:19,1
DA:20,1
LF:14
LH:14
BRDA:5,0,0,1
BRDA:5,0,1,1
BRDA:14,1,0,1
BRDA:14,1,1,1
BRF:4
BRH:4
end_of_record
TN:
SF:src/components/WuiTitle/WuiTitle.tsx
FN:8,(anonymous_0)
FNF:1
FNH:1
FNDA:4,(anonymous_0)
DA:1,1
DA:3,1
DA:4,1
DA:5,1
DA:7,1
DA:18,4
DA:25,4
DA:29,1
LF:8
LH:8
BRDA:10,0,0,3
BRDA:11,1,0,2
BRDA:13,2,0,2
BRDA:20,3,0,1
BRDA:20,3,1,3
BRDA:21,4,0,3
BRDA:21,4,1,1
BRF:7
BRH:7
end_of_record
TN:
SF:src/enum/WuiColorAlias.enum.ts
FN:4,(anonymous_0)
FNF:1
FNH:1
FNDA:3,(anonymous_0)
DA:4,3
DA:5,3
DA:6,3
DA:7,3
DA:8,3
DA:9,3
DA:10,3
DA:11,3
DA:12,3
DA:13,3
DA:14,3
DA:15,3
DA:16,3
DA:17,3
DA:18,3
DA:19,3
DA:20,3
DA:21,3
DA:22,3
DA:23,3
DA:24,3
DA:25,3
DA:26,3
DA:27,3
DA:28,3
DA:29,3
DA:30,3
DA:31,3
DA:32,3
DA:33,3
DA:34,3
DA:35,3
DA:36,3
DA:37,3
DA:38,3
DA:39,3
DA:40,3
DA:41,3
DA:42,3
DA:43,3
DA:44,3
DA:45,3
DA:46,3
DA:47,3
DA:48,3
DA:49,3
DA:50,3
DA:51,3
DA:52,3
DA:53,3
DA:54,3
LF:51
LH:51
BRDA:4,0,0,3
BRDA:4,0,1,3
BRF:2
BRH:2
end_of_record
TN:
SF:src/enum/WuiColorName.enum.ts
FN:4,(anonymous_0)
FNF:1
FNH:1
FNDA:2,(anonymous_0)
DA:4,2
DA:5,2
DA:6,2
DA:7,2
DA:8,2
DA:9,2
DA:10,2
DA:11,2
DA:12,2
DA:13,2
DA:14,2
DA:15,2
DA:16,2
DA:17,2
DA:18,2
DA:19,2
DA:20,2
DA:21,2
DA:22,2
DA:23,2
DA:24,2
DA:25,2
DA:26,2
DA:27,2
DA:28,2
DA:29,2
DA:30,2
DA:31,2
DA:32,2
DA:33,2
DA:34,2
DA:35,2
DA:36,2
DA:37,2
DA:38,2
DA:39,2
DA:40,2
DA:41,2
DA:42,2
DA:43,2
DA:44,2
DA:45,2
DA:46,2
DA:47,2
DA:48,2
DA:49,2
DA:50,2
DA:51,2
DA:52,2
DA:53,2
DA:54,2
LF:51
LH:51
BRDA:4,0,0,2
BRDA:4,0,1,2
BRF:2
BRH:2
end_of_record
TN:
SF:src/enum/WuiColorValue.enum.ts
FN:4,(anonymous_0)
FNF:1
FNH:1
FNDA:2,(anonymous_0)
DA:4,2
DA:5,2
DA:6,2
DA:7,2
DA:8,2
DA:9,2
DA:10,2
DA:11,2
DA:12,2
DA:13,2
DA:14,2
DA:15,2
DA:16,2
DA:17,2
DA:18,2
DA:19,2
DA:20,2
DA:21,2
DA:22,2
DA:23,2
DA:24,2
DA:25,2
DA:26,2
DA:27,2
DA:28,2
DA:29,2
DA:30,2
DA:31,2
DA:32,2
DA:33,2
DA:34,2
DA:35,2
DA:36,2
DA:37,2
DA:38,2
DA:39,2
DA:40,2
DA:41,2
DA:42,2
DA:43,2
DA:44,2
DA:45,2
DA:46,2
DA:47,2
DA:48,2
DA:49,2
DA:50,2
DA:51,2
DA:52,2
DA:53,2
DA:54,2
LF:51
LH:51
BRDA:4,0,0,2
BRDA:4,0,1,2
BRF:2
BRH:2
end_of_record
TN:
SF:src/utils/clsx.ts
FN:13,(anonymous_0)
FNF:1
FNH:1
FNDA:73,(anonymous_0)
DA:13,7
DA:16,73
LF:2
LH:2
BRF:0
BRH:0
end_of_record
TN:
SF:src/utils/lorem-ipsum.ts
FN:16,(anonymous_0)
FNF:1
FNH:1
FNDA:3,(anonymous_0)
DA:1,1
DA:16,1
DA:17,3
DA:18,3
DA:19,3
DA:22,3
LF:6
LH:6
BRDA:16,0,0,1
BRDA:22,1,0,1
BRDA:22,1,1,2
BRF:3
BRH:3
end_of_record
