TN:
SF:src/components/WuiAlert/WuiAlert.props.ts
FN:3,(anonymous_0)
FNF:1
FNH:1
FNDA:1,(anonymous_0)
DA:3,1
DA:4,1
DA:5,1
DA:6,1
DA:7,1
DA:8,1
DA:9,1
LF:7
LH:7
BRDA:3,0,0,1
BRDA:3,0,1,1
BRF:2
BRH:2
end_of_record
TN:
SF:src/components/WuiAlert/WuiAlert.tsx
FN:17,(anonymous_0)
FNF:1
FNH:1
FNDA:3,(anonymous_0)
DA:1,1
DA:3,1
DA:4,1
DA:7,1
DA:16,1
DA:21,3
DA:22,3
DA:24,3
DA:30,3
DA:46,1
LF:10
LH:10
BRDA:18,0,0,2
BRDA:18,1,0,2
BRDA:22,2,0,3
BRDA:22,2,1,2
BRDA:36,3,0,3
BRDA:36,3,1,0
BRF:6
BRH:5
end_of_record
TN:
SF:src/components/WuiBadge/WuiBadge.props.tsx
FN:3,(anonymous_0)
FN:14,(anonymous_1)
FNF:2
FNH:2
FNDA:1,(anonymous_0)
FNDA:1,(anonymous_1)
DA:3,1
DA:4,1
DA:5,1
DA:6,1
DA:7,1
DA:8,1
DA:9,1
DA:10,1
DA:11,1
DA:14,1
DA:15,1
DA:16,1
DA:17,1
LF:13
LH:13
BRDA:3,0,0,1
BRDA:3,0,1,1
BRDA:14,1,0,1
BRDA:14,1,1,1
BRF:4
BRH:4
end_of_record
TN:
SF:src/components/WuiBadge/WuiBadge.tsx
FN:8,(anonymous_0)
FNF:1
FNH:1
FNDA:3,(anonymous_0)
DA:1,1
DA:3,1
DA:4,1
DA:7,1
DA:18,3
DA:25,3
DA:33,1
LF:7
LH:7
BRDA:10,0,0,2
BRDA:11,1,0,2
BRDA:13,2,0,2
BRF:3
BRH:3
end_of_record
TN:
SF:src/components/WuiButton/WuiButton.props.tsx
FN:3,(anonymous_0)
FN:13,(anonymous_1)
FNF:2
FNH:2
FNDA:2,(anonymous_0)
FNDA:2,(anonymous_1)
DA:3,2
DA:4,2
DA:5,2
DA:6,2
DA:7,2
DA:8,2
DA:9,2
DA:10,2
DA:13,2
DA:14,2
DA:15,2
DA:16,2
LF:12
LH:12
BRDA:3,0,0,2
BRDA:3,0,1,2
BRDA:13,1,0,2
BRDA:13,1,1,2
BRF:4
BRH:4
end_of_record
TN:
SF:src/components/WuiButton/WuiButton.tsx
FN:8,(anonymous_0)
FNF:1
FNH:1
FNDA:32,(anonymous_0)
DA:1,2
DA:3,2
DA:4,2
DA:7,2
DA:21,32
DA:29,32
DA:41,2
LF:7
LH:7
BRDA:10,0,0,12
BRDA:11,1,0,12
BRDA:12,2,0,31
BRDA:16,3,0,31
BRDA:25,4,0,1
BRDA:25,4,1,31
BRDA:31,5,0,32
BRDA:31,5,1,21
BRDA:35,6,0,32
BRDA:35,6,1,2
BRF:10
BRH:10
end_of_record
TN:
SF:src/components/WuiInput/WuiInput.props.ts
FN:5,(anonymous_0)
FN:11,(anonymous_1)
FNF:2
FNH:2
FNDA:1,(anonymous_0)
FNDA:1,(anonymous_1)
DA:5,1
DA:6,1
DA:7,1
DA:8,1
DA:11,1
DA:12,1
DA:13,1
DA:14,1
LF:8
LH:8
BRDA:5,0,0,1
BRDA:5,0,1,1
BRDA:11,1,0,1
BRDA:11,1,1,1
BRF:4
BRH:4
end_of_record
TN:
SF:src/components/WuiInput/WuiInput.tsx
FN:9,(anonymous_0)
FN:84,(anonymous_1)
FN:84,(anonymous_2)
FN:110,(anonymous_3)
FNF:4
FNH:2
FNDA:17,(anonymous_0)
FNDA:0,(anonymous_1)
FNDA:0,(anonymous_2)
FNDA:5,(anonymous_3)
DA:1,1
DA:3,1
DA:4,1
DA:5,1
DA:8,1
DA:22,17
DA:23,17
DA:24,17
DA:26,17
DA:27,17
DA:28,17
DA:29,17
DA:30,17
DA:31,17
DA:33,17
DA:43,17
DA:48,17
DA:84,0
DA:111,5
DA:124,1
LF:20
LH:19
BRDA:11,0,0,16
BRDA:12,1,0,16
BRDA:14,2,0,16
BRDA:15,3,0,16
BRDA:17,4,0,12
BRDA:24,5,0,17
BRDA:24,5,1,16
BRDA:24,6,0,3
BRDA:24,6,1,13
BRDA:29,7,0,17
BRDA:29,7,1,17
BRDA:31,8,0,0
BRDA:31,8,1,17
BRDA:31,9,0,17
BRDA:31,9,1,0
BRDA:37,10,0,0
BRDA:37,10,1,17
BRDA:38,11,0,0
BRDA:38,11,1,17
BRDA:39,12,0,0
BRDA:39,12,1,17
BRDA:45,13,0,0
BRDA:45,13,1,17
BRDA:50,14,0,17
BRDA:50,14,1,0
BRDA:57,15,0,0
BRDA:57,15,1,0
BRDA:63,16,0,17
BRDA:63,16,1,4
BRDA:69,17,0,17
BRDA:69,17,1,17
BRDA:76,18,0,1
BRDA:76,18,1,16
BRDA:80,19,0,17
BRDA:80,19,1,0
BRDA:87,20,0,0
BRDA:87,20,1,0
BRDA:92,21,0,0
BRDA:92,21,1,0
BRDA:99,22,0,0
BRDA:99,22,1,0
BRDA:108,23,0,17
BRDA:108,23,1,4
BRF:43
BRH:27
end_of_record
TN:
SF:src/components/WuiInputHelper/WuiInputHelper.props.ts
FN:3,(anonymous_0)
FNF:1
FNH:1
FNDA:3,(anonymous_0)
DA:3,3
DA:4,3
DA:5,3
DA:6,3
LF:4
LH:4
BRDA:3,0,0,3
BRDA:3,0,1,3
BRF:2
BRH:2
end_of_record
TN:
SF:src/components/WuiInputHelper/WuiInputHelper.tsx
FN:14,(anonymous_0)
FNF:1
FNH:1
FNDA:16,(anonymous_0)
DA:1,3
DA:3,3
DA:4,3
DA:7,3
DA:13,3
DA:23,16
DA:24,16
DA:26,16
DA:32,16
DA:44,3
LF:10
LH:10
BRDA:16,0,0,8
BRDA:18,1,0,15
BRF:2
BRH:2
end_of_record
TN:
SF:src/components/WuiLink/WuiLink.props.tsx
FN:3,(anonymous_0)
FN:14,(anonymous_1)
FNF:2
FNH:2
FNDA:1,(anonymous_0)
FNDA:1,(anonymous_1)
DA:3,1
DA:4,1
DA:5,1
DA:6,1
DA:7,1
DA:8,1
DA:9,1
DA:10,1
DA:11,1
DA:14,1
DA:15,1
DA:16,1
DA:17,1
LF:13
LH:13
BRDA:3,0,0,1
BRDA:3,0,1,1
BRDA:14,1,0,1
BRDA:14,1,1,1
BRF:4
BRH:4
end_of_record
TN:
SF:src/components/WuiLink/WuiLink.tsx
FN:7,(anonymous_0)
FNF:1
FNH:1
FNDA:4,(anonymous_0)
DA:1,1
DA:3,1
DA:4,1
DA:6,1
DA:8,4
DA:19,4
DA:23,1
LF:7
LH:7
BRDA:7,0,0,2
BRDA:7,1,0,3
BRDA:11,2,0,1
BRDA:11,2,1,3
BRDA:13,3,0,1
BRDA:13,3,1,2
BRDA:13,4,0,3
BRDA:13,4,1,1
BRF:8
BRH:8
end_of_record
TN:
SF:src/components/WuiModal/WuiModal.props.ts
FN:4,(anonymous_0)
FNF:1
FNH:1
FNDA:1,(anonymous_0)
DA:4,1
DA:5,1
DA:6,1
DA:7,1
LF:4
LH:4
BRDA:4,0,0,1
BRDA:4,0,1,1
BRF:2
BRH:2
end_of_record
TN:
SF:src/components/WuiModal/WuiModal.tsx
FN:9,(anonymous_0)
FN:33,(anonymous_1)
FN:47,(anonymous_2)
FN:48,(anonymous_3)
FN:51,(anonymous_4)
FN:59,(anonymous_5)
FN:66,(anonymous_6)
FN:80,(anonymous_7)
FN:89,(anonymous_8)
FN:95,(anonymous_9)
FN:99,(anonymous_10)
FN:108,(anonymous_11)
FN:112,(anonymous_12)
FN:117,(anonymous_13)
FN:123,(anonymous_14)
FN:126,(anonymous_15)
FN:136,(anonymous_16)
FN:143,(anonymous_17)
FNF:18
FNH:18
FNDA:19,(anonymous_0)
FNDA:9,(anonymous_1)
FNDA:6,(anonymous_2)
FNDA:6,(anonymous_3)
FNDA:6,(anonymous_4)
FNDA:8,(anonymous_5)
FNDA:3,(anonymous_6)
FNDA:5,(anonymous_7)
FNDA:8,(anonymous_8)
FNDA:8,(anonymous_9)
FNDA:2,(anonymous_10)
FNDA:8,(anonymous_11)
FNDA:8,(anonymous_12)
FNDA:2,(anonymous_13)
FNDA:8,(anonymous_14)
FNDA:38,(anonymous_15)
FNDA:3,(anonymous_16)
FNDA:3,(anonymous_17)
DA:1,1
DA:3,1
DA:4,1
DA:5,1
DA:6,1
DA:8,1
DA:22,19
DA:23,19
DA:24,19
DA:26,19
DA:33,19
DA:34,9
DA:36,9
DA:38,9
DA:39,6
DA:41,6
DA:42,6
DA:44,0
DA:47,6
DA:48,6
DA:51,6
DA:53,3
DA:54,3
DA:59,19
DA:60,8
DA:62,8
DA:63,0
DA:66,8
DA:67,3
DA:68,0
DA:71,3
DA:72,3
DA:73,3
DA:75,0
DA:77,3
DA:80,8
DA:81,5
DA:82,4
DA:83,1
DA:84,3
DA:87,8
DA:89,8
DA:90,8
DA:95,19
DA:96,8
DA:97,8
DA:99,8
DA:100,2
DA:101,2
DA:102,1
DA:103,1
DA:107,8
DA:108,8
DA:112,19
DA:113,8
DA:117,8
DA:118,2
DA:119,1
DA:122,8
DA:123,8
DA:126,19
DA:127,38
DA:128,38
DA:129,2
DA:130,36
DA:131,2
DA:136,19
DA:137,3
DA:138,2
DA:139,2
DA:143,19
DA:144,3
DA:147,19
DA:186,1
LF:74
LH:70
BRDA:16,0,0,19
BRDA:17,1,0,19
BRDA:28,2,0,19
BRDA:28,2,1,7
BRDA:29,3,0,19
BRDA:29,3,1,0
BRDA:36,4,0,0
BRDA:38,5,0,6
BRDA:38,5,1,3
BRDA:41,6,0,6
BRDA:41,6,1,0
BRDA:62,7,0,0
BRDA:67,8,0,0
BRDA:72,9,0,3
BRDA:72,9,1,0
BRDA:81,10,0,1
BRDA:81,11,0,5
BRDA:81,11,1,5
BRDA:82,12,0,1
BRDA:82,13,0,4
BRDA:82,13,1,3
BRDA:97,14,0,0
BRDA:101,15,0,1
BRDA:118,16,0,1
BRDA:128,17,0,2
BRDA:128,17,1,36
BRDA:130,18,0,2
BRDA:137,19,0,2
BRDA:156,20,0,19
BRDA:156,20,1,5
BRDA:177,21,0,19
BRDA:177,21,1,2
BRF:32
BRH:25
end_of_record
TN:
SF:src/components/WuiSelect/WuiSelect.props.ts
FN:5,(anonymous_0)
FN:11,(anonymous_1)
FNF:2
FNH:2
FNDA:1,(anonymous_0)
FNDA:1,(anonymous_1)
DA:5,1
DA:6,1
DA:7,1
DA:8,1
DA:11,1
DA:12,1
DA:13,1
DA:14,1
LF:8
LH:8
BRDA:5,0,0,1
BRDA:5,0,1,1
BRDA:11,1,0,1
BRDA:11,1,1,1
BRF:4
BRH:4
end_of_record
TN:
SF:src/components/WuiSelect/WuiSelect.tsx
FN:9,(anonymous_0)
FN:55,(anonymous_1)
FNF:2
FNH:2
FNDA:16,(anonymous_0)
FNDA:5,(anonymous_1)
DA:1,1
DA:3,1
DA:4,1
DA:5,1
DA:8,1
DA:22,16
DA:23,16
DA:24,16
DA:26,16
DA:33,16
DA:56,5
DA:69,1
LF:12
LH:12
BRDA:11,0,0,15
BRDA:12,1,0,15
BRDA:14,2,0,15
BRDA:16,3,0,11
BRDA:24,4,0,16
BRDA:24,4,1,15
BRDA:24,5,0,3
BRDA:24,5,1,12
BRDA:35,6,0,16
BRDA:35,6,1,4
BRDA:46,7,0,1
BRDA:46,7,1,15
BRDA:53,8,0,16
BRDA:53,8,1,4
BRF:14
BRH:14
end_of_record
TN:
SF:src/components/WuiText/WuiText.props.ts
FN:10,(anonymous_0)
FN:16,(anonymous_1)
FN:26,(anonymous_2)
FN:31,(anonymous_3)
FNF:4
FNH:4
FNDA:2,(anonymous_0)
FNDA:2,(anonymous_1)
FNDA:2,(anonymous_2)
FNDA:2,(anonymous_3)
DA:10,2
DA:11,2
DA:12,2
DA:13,2
DA:16,2
DA:17,2
DA:18,2
DA:19,2
DA:20,2
DA:21,2
DA:22,2
DA:23,2
DA:26,2
DA:27,2
DA:28,2
DA:31,2
DA:32,2
DA:33,2
LF:18
LH:18
BRDA:10,0,0,2
BRDA:10,0,1,2
BRDA:16,1,0,2
BRDA:16,1,1,2
BRDA:26,2,0,2
BRDA:26,2,1,2
BRDA:31,3,0,2
BRDA:31,3,1,2
BRF:8
BRH:8
end_of_record
TN:
SF:src/components/WuiText/WuiText.tsx
FN:14,(anonymous_0)
FNF:1
FNH:1
FNDA:8,(anonymous_0)
DA:1,2
DA:3,2
DA:4,2
DA:5,2
DA:13,2
DA:26,8
DA:28,8
DA:37,8
DA:43,2
LF:9
LH:9
BRDA:16,0,0,2
BRDA:17,1,0,2
BRDA:18,2,0,7
BRDA:19,3,0,7
BRDA:20,4,0,8
BRDA:26,5,0,8
BRDA:26,5,1,1
BRF:7
BRH:7
end_of_record
TN:
SF:src/components/WuiTitle/WuiTitle.props.ts
FN:5,(anonymous_0)
FN:14,(anonymous_1)
FNF:2
FNH:2
FNDA:1,(anonymous_0)
FNDA:1,(anonymous_1)
DA:5,1
DA:6,1
DA:7,1
DA:8,1
DA:9,1
DA:10,1
DA:11,1
DA:14,1
DA:15,1
DA:16,1
DA:17,1
DA:18,1
DA:19,1
DA:20,1
LF:14
LH:14
BRDA:5,0,0,1
BRDA:5,0,1,1
BRDA:14,1,0,1
BRDA:14,1,1,1
BRF:4
BRH:4
end_of_record
TN:
SF:src/components/WuiTitle/WuiTitle.tsx
FN:8,(anonymous_0)
FNF:1
FNH:1
FNDA:4,(anonymous_0)
DA:1,1
DA:3,1
DA:4,1
DA:5,1
DA:7,1
DA:18,4
DA:25,4
DA:29,1
LF:8
LH:8
BRDA:10,0,0,3
BRDA:11,1,0,2
BRDA:13,2,0,2
BRDA:20,3,0,1
BRDA:20,3,1,3
BRDA:21,4,0,3
BRDA:21,4,1,1
BRF:7
BRH:7
end_of_record
TN:
SF:src/components/WuiTooltip/WuiTooltip.props.ts
FN:3,(anonymous_0)
FNF:1
FNH:1
FNDA:1,(anonymous_0)
DA:3,1
DA:4,1
DA:5,1
DA:6,1
DA:7,1
LF:5
LH:5
BRDA:3,0,0,1
BRDA:3,0,1,1
BRF:2
BRH:2
end_of_record
TN:
SF:src/components/WuiTooltip/WuiTooltip.tsx
FN:8,(anonymous_0)
FNF:1
FNH:1
FNDA:5,(anonymous_0)
DA:1,1
DA:3,1
DA:4,1
DA:7,1
DA:18,5
DA:20,5
DA:26,5
DA:51,1
LF:8
LH:8
BRDA:11,0,0,4
BRDA:13,1,0,4
BRF:2
BRH:2
end_of_record
TN:
SF:src/enum/WuiColorAlias.enum.ts
FN:4,(anonymous_0)
FNF:1
FNH:1
FNDA:3,(anonymous_0)
DA:4,3
DA:5,3
DA:6,3
DA:7,3
DA:8,3
DA:9,3
DA:10,3
DA:11,3
DA:12,3
DA:13,3
DA:14,3
DA:15,3
DA:16,3
DA:17,3
DA:18,3
DA:19,3
DA:20,3
DA:21,3
DA:22,3
DA:23,3
DA:24,3
DA:25,3
DA:26,3
DA:27,3
DA:28,3
DA:29,3
DA:30,3
DA:31,3
DA:32,3
DA:33,3
DA:34,3
DA:35,3
DA:36,3
DA:37,3
DA:38,3
DA:39,3
DA:40,3
DA:41,3
DA:42,3
DA:43,3
DA:44,3
DA:45,3
DA:46,3
DA:47,3
DA:48,3
DA:49,3
DA:50,3
DA:51,3
DA:52,3
DA:53,3
DA:54,3
LF:51
LH:51
BRDA:4,0,0,3
BRDA:4,0,1,3
BRF:2
BRH:2
end_of_record
TN:
SF:src/enum/WuiColorName.enum.ts
FN:4,(anonymous_0)
FNF:1
FNH:1
FNDA:2,(anonymous_0)
DA:4,2
DA:5,2
DA:6,2
DA:7,2
DA:8,2
DA:9,2
DA:10,2
DA:11,2
DA:12,2
DA:13,2
DA:14,2
DA:15,2
DA:16,2
DA:17,2
DA:18,2
DA:19,2
DA:20,2
DA:21,2
DA:22,2
DA:23,2
DA:24,2
DA:25,2
DA:26,2
DA:27,2
DA:28,2
DA:29,2
DA:30,2
DA:31,2
DA:32,2
DA:33,2
DA:34,2
DA:35,2
DA:36,2
DA:37,2
DA:38,2
DA:39,2
DA:40,2
DA:41,2
DA:42,2
DA:43,2
DA:44,2
DA:45,2
DA:46,2
DA:47,2
DA:48,2
DA:49,2
DA:50,2
DA:51,2
DA:52,2
DA:53,2
DA:54,2
LF:51
LH:51
BRDA:4,0,0,2
BRDA:4,0,1,2
BRF:2
BRH:2
end_of_record
TN:
SF:src/enum/WuiColorValue.enum.ts
FN:4,(anonymous_0)
FNF:1
FNH:1
FNDA:2,(anonymous_0)
DA:4,2
DA:5,2
DA:6,2
DA:7,2
DA:8,2
DA:9,2
DA:10,2
DA:11,2
DA:12,2
DA:13,2
DA:14,2
DA:15,2
DA:16,2
DA:17,2
DA:18,2
DA:19,2
DA:20,2
DA:21,2
DA:22,2
DA:23,2
DA:24,2
DA:25,2
DA:26,2
DA:27,2
DA:28,2
DA:29,2
DA:30,2
DA:31,2
DA:32,2
DA:33,2
DA:34,2
DA:35,2
DA:36,2
DA:37,2
DA:38,2
DA:39,2
DA:40,2
DA:41,2
DA:42,2
DA:43,2
DA:44,2
DA:45,2
DA:46,2
DA:47,2
DA:48,2
DA:49,2
DA:50,2
DA:51,2
DA:52,2
DA:53,2
DA:54,2
LF:51
LH:51
BRDA:4,0,0,2
BRDA:4,0,1,2
BRF:2
BRH:2
end_of_record
TN:
SF:src/utils/clsx.ts
FN:13,(anonymous_0)
FNF:1
FNH:1
FNDA:154,(anonymous_0)
DA:13,12
DA:16,154
LF:2
LH:2
BRF:0
BRH:0
end_of_record
TN:
SF:src/utils/lorem-ipsum.ts
FN:16,(anonymous_0)
FNF:1
FNH:1
FNDA:3,(anonymous_0)
DA:1,1
DA:16,1
DA:17,3
DA:18,3
DA:19,3
DA:22,3
LF:6
LH:6
BRDA:16,0,0,1
BRDA:22,1,0,1
BRDA:22,1,1,2
BRF:3
BRH:3
end_of_record
